{"/Users/javiergomez/Downloads/leave-request-dashboard/next.config.mjs": {"path":"/Users/javiergomez/Downloads/leave-request-dashboard/next.config.mjs","all":true,"statementMap":{"0":{"start":{"line":1,"column":0},"end":{"line":1,"column":40}},"1":{"start":{"line":2,"column":0},"end":{"line":2,"column":20}},"2":{"start":{"line":3,"column":0},"end":{"line":3,"column":11}},"3":{"start":{"line":4,"column":0},"end":{"line":4,"column":29}},"4":{"start":{"line":5,"column":0},"end":{"line":5,"column":4}},"5":{"start":{"line":6,"column":0},"end":{"line":6,"column":15}},"6":{"start":{"line":7,"column":0},"end":{"line":7,"column":28}},"7":{"start":{"line":8,"column":0},"end":{"line":8,"column":4}},"8":{"start":{"line":9,"column":0},"end":{"line":9,"column":11}},"9":{"start":{"line":10,"column":0},"end":{"line":10,"column":22}},"10":{"start":{"line":11,"column":0},"end":{"line":11,"column":4}},"11":{"start":{"line":12,"column":0},"end":{"line":12,"column":1}},"13":{"start":{"line":14,"column":0},"end":{"line":14,"column":25}}},"s":{"0":0,"1":0,"2":0,"3":0,"4":0,"5":0,"6":0,"7":0,"8":0,"9":0,"10":0,"11":0,"13":0},"branchMap":{"0":{"type":"branch","line":1,"loc":{"start":{"line":1,"column":227},"end":{"line":14,"column":25}},"locations":[{"start":{"line":1,"column":227},"end":{"line":14,"column":25}}]}},"b":{"0":[0]},"fnMap":{"0":{"name":"(empty-report)","decl":{"start":{"line":1,"column":227},"end":{"line":14,"column":25}},"loc":{"start":{"line":1,"column":227},"end":{"line":14,"column":25}},"line":1}},"f":{"0":0}}
,"/Users/javiergomez/Downloads/leave-request-dashboard/postcss.config.mjs": {"path":"/Users/javiergomez/Downloads/leave-request-dashboard/postcss.config.mjs","all":true,"statementMap":{"0":{"start":{"line":1,"column":0},"end":{"line":1,"column":51}},"1":{"start":{"line":2,"column":0},"end":{"line":2,"column":16}},"2":{"start":{"line":3,"column":0},"end":{"line":3,"column":12}},"3":{"start":{"line":4,"column":0},"end":{"line":4,"column":20}},"4":{"start":{"line":5,"column":0},"end":{"line":5,"column":4}},"5":{"start":{"line":6,"column":0},"end":{"line":6,"column":2}},"7":{"start":{"line":8,"column":0},"end":{"line":8,"column":22}}},"s":{"0":0,"1":0,"2":0,"3":0,"4":0,"5":0,"7":0},"branchMap":{"0":{"type":"branch","line":1,"loc":{"start":{"line":1,"column":134},"end":{"line":8,"column":22}},"locations":[{"start":{"line":1,"column":134},"end":{"line":8,"column":22}}]}},"b":{"0":[0]},"fnMap":{"0":{"name":"(empty-report)","decl":{"start":{"line":1,"column":134},"end":{"line":8,"column":22}},"loc":{"start":{"line":1,"column":134},"end":{"line":8,"column":22}},"line":1}},"f":{"0":0}}
,"/Users/javiergomez/Downloads/leave-request-dashboard/tailwind.config.ts": {"path":"/Users/javiergomez/Downloads/leave-request-dashboard/tailwind.config.ts","all":true,"statementMap":{"4":{"start":{"line":5,"column":0},"end":{"line":5,"column":24}},"5":{"start":{"line":6,"column":0},"end":{"line":6,"column":24}},"6":{"start":{"line":7,"column":0},"end":{"line":7,"column":14}},"7":{"start":{"line":8,"column":0},"end":{"line":8,"column":39}},"8":{"start":{"line":9,"column":0},"end":{"line":9,"column":44}},"9":{"start":{"line":10,"column":0},"end":{"line":10,"column":37}},"10":{"start":{"line":11,"column":0},"end":{"line":11,"column":27}},"11":{"start":{"line":12,"column":0},"end":{"line":12,"column":4}},"12":{"start":{"line":13,"column":0},"end":{"line":13,"column":10}},"13":{"start":{"line":14,"column":0},"end":{"line":14,"column":12}},"14":{"start":{"line":15,"column":0},"end":{"line":15,"column":13}},"15":{"start":{"line":16,"column":0},"end":{"line":16,"column":42}},"16":{"start":{"line":17,"column":0},"end":{"line":17,"column":42}},"17":{"start":{"line":18,"column":0},"end":{"line":18,"column":12}},"18":{"start":{"line":19,"column":0},"end":{"line":19,"column":34}},"19":{"start":{"line":20,"column":0},"end":{"line":20,"column":47}},"20":{"start":{"line":21,"column":0},"end":{"line":21,"column":7}},"21":{"start":{"line":22,"column":0},"end":{"line":22,"column":15}},"22":{"start":{"line":23,"column":0},"end":{"line":23,"column":37}},"23":{"start":{"line":24,"column":0},"end":{"line":24,"column":50}},"24":{"start":{"line":25,"column":0},"end":{"line":25,"column":7}},"25":{"start":{"line":26,"column":0},"end":{"line":26,"column":15}},"26":{"start":{"line":27,"column":0},"end":{"line":27,"column":37}},"27":{"start":{"line":28,"column":0},"end":{"line":28,"column":50}},"28":{"start":{"line":29,"column":0},"end":{"line":29,"column":7}},"29":{"start":{"line":30,"column":0},"end":{"line":30,"column":17}},"30":{"start":{"line":31,"column":0},"end":{"line":31,"column":39}},"31":{"start":{"line":32,"column":0},"end":{"line":32,"column":52}},"32":{"start":{"line":33,"column":0},"end":{"line":33,"column":7}},"33":{"start":{"line":34,"column":0},"end":{"line":34,"column":13}},"34":{"start":{"line":35,"column":0},"end":{"line":35,"column":35}},"35":{"start":{"line":36,"column":0},"end":{"line":36,"column":48}},"36":{"start":{"line":37,"column":0},"end":{"line":37,"column":7}},"37":{"start":{"line":38,"column":0},"end":{"line":38,"column":14}},"38":{"start":{"line":39,"column":0},"end":{"line":39,"column":36}},"39":{"start":{"line":40,"column":0},"end":{"line":40,"column":49}},"40":{"start":{"line":41,"column":0},"end":{"line":41,"column":7}},"41":{"start":{"line":42,"column":0},"end":{"line":42,"column":19}},"42":{"start":{"line":43,"column":0},"end":{"line":43,"column":41}},"43":{"start":{"line":44,"column":0},"end":{"line":44,"column":54}},"44":{"start":{"line":45,"column":0},"end":{"line":45,"column":7}},"45":{"start":{"line":46,"column":0},"end":{"line":46,"column":34}},"46":{"start":{"line":47,"column":0},"end":{"line":47,"column":32}},"47":{"start":{"line":48,"column":0},"end":{"line":48,"column":30}},"48":{"start":{"line":49,"column":0},"end":{"line":49,"column":13}},"49":{"start":{"line":50,"column":0},"end":{"line":50,"column":33}},"50":{"start":{"line":51,"column":0},"end":{"line":51,"column":33}},"51":{"start":{"line":52,"column":0},"end":{"line":52,"column":33}},"52":{"start":{"line":53,"column":0},"end":{"line":53,"column":33}},"53":{"start":{"line":54,"column":0},"end":{"line":54,"column":32}},"54":{"start":{"line":55,"column":0},"end":{"line":55,"column":7}},"55":{"start":{"line":56,"column":0},"end":{"line":56,"column":15}},"56":{"start":{"line":57,"column":0},"end":{"line":57,"column":48}},"57":{"start":{"line":58,"column":0},"end":{"line":58,"column":51}},"58":{"start":{"line":59,"column":0},"end":{"line":59,"column":45}},"59":{"start":{"line":60,"column":0},"end":{"line":60,"column":69}},"60":{"start":{"line":61,"column":0},"end":{"line":61,"column":43}},"61":{"start":{"line":62,"column":0},"end":{"line":62,"column":67}},"62":{"start":{"line":63,"column":0},"end":{"line":63,"column":43}},"63":{"start":{"line":64,"column":0},"end":{"line":64,"column":38}},"64":{"start":{"line":65,"column":0},"end":{"line":65,"column":6}},"65":{"start":{"line":66,"column":0},"end":{"line":66,"column":6}},"66":{"start":{"line":67,"column":0},"end":{"line":67,"column":19}},"67":{"start":{"line":68,"column":0},"end":{"line":68,"column":25}},"68":{"start":{"line":69,"column":0},"end":{"line":69,"column":37}},"69":{"start":{"line":70,"column":0},"end":{"line":70,"column":36}},"70":{"start":{"line":71,"column":0},"end":{"line":71,"column":6}},"71":{"start":{"line":72,"column":0},"end":{"line":72,"column":16}},"72":{"start":{"line":73,"column":0},"end":{"line":73,"column":24}},"73":{"start":{"line":74,"column":0},"end":{"line":74,"column":13}},"74":{"start":{"line":75,"column":0},"end":{"line":75,"column":18}},"75":{"start":{"line":76,"column":0},"end":{"line":76,"column":8}},"76":{"start":{"line":77,"column":0},"end":{"line":77,"column":11}},"77":{"start":{"line":78,"column":0},"end":{"line":78,"column":54}},"78":{"start":{"line":79,"column":0},"end":{"line":79,"column":7}},"79":{"start":{"line":80,"column":0},"end":{"line":80,"column":7}},"80":{"start":{"line":81,"column":0},"end":{"line":81,"column":22}},"81":{"start":{"line":82,"column":0},"end":{"line":82,"column":13}},"82":{"start":{"line":83,"column":0},"end":{"line":83,"column":54}},"83":{"start":{"line":84,"column":0},"end":{"line":84,"column":8}},"84":{"start":{"line":85,"column":0},"end":{"line":85,"column":11}},"85":{"start":{"line":86,"column":0},"end":{"line":86,"column":18}},"86":{"start":{"line":87,"column":0},"end":{"line":87,"column":7}},"87":{"start":{"line":88,"column":0},"end":{"line":88,"column":6}},"88":{"start":{"line":89,"column":0},"end":{"line":89,"column":6}},"89":{"start":{"line":90,"column":0},"end":{"line":90,"column":16}},"90":{"start":{"line":91,"column":0},"end":{"line":91,"column":54}},"91":{"start":{"line":92,"column":0},"end":{"line":92,"column":49}},"92":{"start":{"line":93,"column":0},"end":{"line":93,"column":5}},"93":{"start":{"line":94,"column":0},"end":{"line":94,"column":4}},"94":{"start":{"line":95,"column":0},"end":{"line":95,"column":4}},"95":{"start":{"line":96,"column":0},"end":{"line":96,"column":44}},"96":{"start":{"line":97,"column":0},"end":{"line":97,"column":2}},"97":{"start":{"line":98,"column":0},"end":{"line":98,"column":22}}},"s":{"4":0,"5":0,"6":0,"7":0,"8":0,"9":0,"10":0,"11":0,"12":0,"13":0,"14":0,"15":0,"16":0,"17":0,"18":0,"19":0,"20":0,"21":0,"22":0,"23":0,"24":0,"25":0,"26":0,"27":0,"28":0,"29":0,"30":0,"31":0,"32":0,"33":0,"34":0,"35":0,"36":0,"37":0,"38":0,"39":0,"40":0,"41":0,"42":0,"43":0,"44":0,"45":0,"46":0,"47":0,"48":0,"49":0,"50":0,"51":0,"52":0,"53":0,"54":0,"55":0,"56":0,"57":0,"58":0,"59":0,"60":0,"61":0,"62":0,"63":0,"64":0,"65":0,"66":0,"67":0,"68":0,"69":0,"70":0,"71":0,"72":0,"73":0,"74":0,"75":0,"76":0,"77":0,"78":0,"79":0,"80":0,"81":0,"82":0,"83":0,"84":0,"85":0,"86":0,"87":0,"88":0,"89":0,"90":0,"91":0,"92":0,"93":0,"94":0,"95":0,"96":0,"97":0},"branchMap":{"0":{"type":"branch","line":1,"loc":{"start":{"line":1,"column":2633},"end":{"line":98,"column":22}},"locations":[{"start":{"line":1,"column":2633},"end":{"line":98,"column":22}}]}},"b":{"0":[1]},"fnMap":{"0":{"name":"(empty-report)","decl":{"start":{"line":1,"column":2633},"end":{"line":98,"column":22}},"loc":{"start":{"line":1,"column":2633},"end":{"line":98,"column":22}},"line":1}},"f":{"0":1}}
,"/Users/javiergomez/Downloads/leave-request-dashboard/app/layout.tsx": {"path":"/Users/javiergomez/Downloads/leave-request-dashboard/app/layout.tsx","all":true,"statementMap":{"1":{"start":{"line":2,"column":0},"end":{"line":2,"column":57}},"2":{"start":{"line":3,"column":0},"end":{"line":3,"column":23}},"4":{"start":{"line":5,"column":0},"end":{"line":5,"column":36}},"5":{"start":{"line":6,"column":0},"end":{"line":6,"column":11}},"6":{"start":{"line":7,"column":0},"end":{"line":7,"column":4}},"8":{"start":{"line":9,"column":0},"end":{"line":9,"column":4}},"9":{"start":{"line":10,"column":0},"end":{"line":10,"column":10}},"10":{"start":{"line":11,"column":0},"end":{"line":11,"column":20}},"11":{"start":{"line":12,"column":0},"end":{"line":12,"column":12}},"12":{"start":{"line":13,"column":0},"end":{"line":13,"column":46}},"13":{"start":{"line":14,"column":0},"end":{"line":14,"column":13}},"14":{"start":{"line":15,"column":0},"end":{"line":15,"column":28}},"15":{"start":{"line":16,"column":0},"end":{"line":16,"column":67}},"16":{"start":{"line":17,"column":0},"end":{"line":17,"column":10}},"17":{"start":{"line":18,"column":0},"end":{"line":18,"column":13}},"18":{"start":{"line":19,"column":0},"end":{"line":19,"column":12}},"19":{"start":{"line":20,"column":0},"end":{"line":20,"column":49}},"20":{"start":{"line":21,"column":0},"end":{"line":21,"column":13}},"21":{"start":{"line":22,"column":0},"end":{"line":22,"column":11}},"23":{"start":{"line":24,"column":0},"end":{"line":24,"column":1}}},"s":{"1":0,"2":0,"4":0,"5":0,"6":0,"8":0,"9":0,"10":0,"11":0,"12":0,"13":0,"14":0,"15":0,"16":0,"17":0,"18":0,"19":0,"20":0,"21":0,"23":0},"branchMap":{"0":{"type":"branch","line":1,"loc":{"start":{"line":1,"column":526},"end":{"line":24,"column":1}},"locations":[{"start":{"line":1,"column":526},"end":{"line":24,"column":1}}]}},"b":{"0":[1]},"fnMap":{"0":{"name":"(empty-report)","decl":{"start":{"line":1,"column":526},"end":{"line":24,"column":1}},"loc":{"start":{"line":1,"column":526},"end":{"line":24,"column":1}},"line":1}},"f":{"0":1}}
,"/Users/javiergomez/Downloads/leave-request-dashboard/app/page.tsx": {"path":"/Users/javiergomez/Downloads/leave-request-dashboard/app/page.tsx","all":true,"statementMap":{"2":{"start":{"line":3,"column":0},"end":{"line":3,"column":75}},"3":{"start":{"line":4,"column":0},"end":{"line":4,"column":71}},"5":{"start":{"line":6,"column":0},"end":{"line":6,"column":53}},"7":{"start":{"line":8,"column":0},"end":{"line":8,"column":32}},"8":{"start":{"line":9,"column":0},"end":{"line":9,"column":10}},"9":{"start":{"line":10,"column":0},"end":{"line":10,"column":10}},"10":{"start":{"line":11,"column":0},"end":{"line":11,"column":61}},"11":{"start":{"line":12,"column":0},"end":{"line":12,"column":11}},"13":{"start":{"line":14,"column":0},"end":{"line":14,"column":1}}},"s":{"2":0,"3":0,"5":0,"7":0,"8":0,"9":0,"10":0,"11":0,"13":0},"branchMap":{"0":{"type":"branch","line":1,"loc":{"start":{"line":1,"column":352},"end":{"line":14,"column":1}},"locations":[{"start":{"line":1,"column":352},"end":{"line":14,"column":1}}]}},"b":{"0":[1]},"fnMap":{"0":{"name":"(empty-report)","decl":{"start":{"line":1,"column":352},"end":{"line":14,"column":1}},"loc":{"start":{"line":1,"column":352},"end":{"line":14,"column":1}},"line":1}},"f":{"0":1}}
,"/Users/javiergomez/Downloads/leave-request-dashboard/components/ActionButtons.tsx": {"path":"/Users/javiergomez/Downloads/leave-request-dashboard/components/ActionButtons.tsx","all":false,"statementMap":{"2":{"start":{"line":3,"column":0},"end":{"line":3,"column":53}},"3":{"start":{"line":4,"column":0},"end":{"line":4,"column":57}},"4":{"start":{"line":5,"column":0},"end":{"line":5,"column":50}},"14":{"start":{"line":15,"column":0},"end":{"line":15,"column":31}},"15":{"start":{"line":16,"column":0},"end":{"line":16,"column":12}},"16":{"start":{"line":17,"column":0},"end":{"line":17,"column":16}},"17":{"start":{"line":18,"column":0},"end":{"line":18,"column":12}},"18":{"start":{"line":19,"column":0},"end":{"line":19,"column":11}},"19":{"start":{"line":20,"column":0},"end":{"line":20,"column":19}},"20":{"start":{"line":21,"column":0},"end":{"line":21,"column":24}},"21":{"start":{"line":22,"column":0},"end":{"line":22,"column":33}},"23":{"start":{"line":24,"column":0},"end":{"line":24,"column":46}},"24":{"start":{"line":25,"column":0},"end":{"line":25,"column":73}},"25":{"start":{"line":26,"column":0},"end":{"line":26,"column":3}},"27":{"start":{"line":28,"column":0},"end":{"line":28,"column":10}},"28":{"start":{"line":29,"column":0},"end":{"line":29,"column":49}},"29":{"start":{"line":30,"column":0},"end":{"line":30,"column":13}},"30":{"start":{"line":31,"column":0},"end":{"line":31,"column":44}},"31":{"start":{"line":32,"column":0},"end":{"line":32,"column":27}},"32":{"start":{"line":33,"column":0},"end":{"line":33,"column":25}},"34":{"start":{"line":35,"column":0},"end":{"line":35,"column":29}},"35":{"start":{"line":36,"column":0},"end":{"line":36,"column":15}},"36":{"start":{"line":37,"column":0},"end":{"line":37,"column":13}},"37":{"start":{"line":38,"column":0},"end":{"line":38,"column":43}},"38":{"start":{"line":39,"column":0},"end":{"line":39,"column":27}},"39":{"start":{"line":40,"column":0},"end":{"line":40,"column":25}},"41":{"start":{"line":42,"column":0},"end":{"line":42,"column":28}},"42":{"start":{"line":43,"column":0},"end":{"line":43,"column":15}},"43":{"start":{"line":44,"column":0},"end":{"line":44,"column":10}},"45":{"start":{"line":46,"column":0},"end":{"line":46,"column":1}}},"s":{"2":1,"3":1,"4":1,"14":1,"15":21,"16":21,"17":21,"18":21,"19":21,"20":21,"21":21,"23":21,"24":9,"25":9,"27":12,"28":12,"29":12,"30":12,"31":12,"32":12,"34":12,"35":12,"36":12,"37":12,"38":12,"39":12,"41":12,"42":12,"43":12,"45":12},"branchMap":{"0":{"type":"branch","line":15,"loc":{"start":{"line":15,"column":7},"end":{"line":46,"column":1}},"locations":[{"start":{"line":15,"column":7},"end":{"line":46,"column":1}}]},"1":{"type":"branch","line":24,"loc":{"start":{"line":24,"column":45},"end":{"line":26,"column":3}},"locations":[{"start":{"line":24,"column":45},"end":{"line":26,"column":3}}]},"2":{"type":"branch","line":26,"loc":{"start":{"line":26,"column":2},"end":{"line":46,"column":1}},"locations":[{"start":{"line":26,"column":2},"end":{"line":46,"column":1}}]},"3":{"type":"branch","line":31,"loc":{"start":{"line":31,"column":17},"end":{"line":31,"column":44}},"locations":[{"start":{"line":31,"column":17},"end":{"line":31,"column":44}}]},"4":{"type":"branch","line":38,"loc":{"start":{"line":38,"column":17},"end":{"line":38,"column":43}},"locations":[{"start":{"line":38,"column":17},"end":{"line":38,"column":43}}]}},"b":{"0":[21],"1":[9],"2":[12],"3":[5],"4":[1]},"fnMap":{"0":{"name":"ActionButtons","decl":{"start":{"line":15,"column":7},"end":{"line":46,"column":1}},"loc":{"start":{"line":15,"column":7},"end":{"line":46,"column":1}},"line":15},"1":{"name":"onClick","decl":{"start":{"line":31,"column":17},"end":{"line":31,"column":44}},"loc":{"start":{"line":31,"column":17},"end":{"line":31,"column":44}},"line":31},"2":{"name":"onClick","decl":{"start":{"line":38,"column":17},"end":{"line":38,"column":43}},"loc":{"start":{"line":38,"column":17},"end":{"line":38,"column":43}},"line":38}},"f":{"0":21,"1":5,"2":1}}
,"/Users/javiergomez/Downloads/leave-request-dashboard/components/CreateRequestModal.tsx": {"path":"/Users/javiergomez/Downloads/leave-request-dashboard/components/CreateRequestModal.tsx","all":false,"statementMap":{"4":{"start":{"line":5,"column":0},"end":{"line":5,"column":33}},"5":{"start":{"line":6,"column":0},"end":{"line":6,"column":8}},"10":{"start":{"line":11,"column":0},"end":{"line":11,"column":57}},"11":{"start":{"line":12,"column":0},"end":{"line":12,"column":57}},"19":{"start":{"line":20,"column":0},"end":{"line":20,"column":36}},"20":{"start":{"line":21,"column":0},"end":{"line":21,"column":9}},"21":{"start":{"line":22,"column":0},"end":{"line":22,"column":10}},"22":{"start":{"line":23,"column":0},"end":{"line":23,"column":11}},"23":{"start":{"line":24,"column":0},"end":{"line":24,"column":29}},"24":{"start":{"line":25,"column":0},"end":{"line":25,"column":44}},"25":{"start":{"line":26,"column":0},"end":{"line":26,"column":21}},"26":{"start":{"line":27,"column":0},"end":{"line":27,"column":34}},"27":{"start":{"line":28,"column":0},"end":{"line":28,"column":18}},"28":{"start":{"line":29,"column":0},"end":{"line":29,"column":16}},"29":{"start":{"line":30,"column":0},"end":{"line":30,"column":15}},"30":{"start":{"line":31,"column":0},"end":{"line":31,"column":5}},"31":{"start":{"line":32,"column":0},"end":{"line":32,"column":58}},"32":{"start":{"line":33,"column":0},"end":{"line":33,"column":67}},"33":{"start":{"line":34,"column":0},"end":{"line":34,"column":33}},"35":{"start":{"line":36,"column":0},"end":{"line":36,"column":30}},"36":{"start":{"line":37,"column":0},"end":{"line":37,"column":49}},"38":{"start":{"line":39,"column":0},"end":{"line":39,"column":40}},"39":{"start":{"line":40,"column":0},"end":{"line":40,"column":68}},"40":{"start":{"line":41,"column":0},"end":{"line":41,"column":5}},"42":{"start":{"line":43,"column":0},"end":{"line":43,"column":30}},"43":{"start":{"line":44,"column":0},"end":{"line":44,"column":62}},"44":{"start":{"line":45,"column":0},"end":{"line":45,"column":5}},"46":{"start":{"line":47,"column":0},"end":{"line":47,"column":28}},"47":{"start":{"line":48,"column":0},"end":{"line":48,"column":58}},"48":{"start":{"line":49,"column":0},"end":{"line":49,"column":5}},"50":{"start":{"line":51,"column":0},"end":{"line":51,"column":8}},"51":{"start":{"line":52,"column":0},"end":{"line":52,"column":27}},"52":{"start":{"line":53,"column":0},"end":{"line":53,"column":25}},"53":{"start":{"line":54,"column":0},"end":{"line":54,"column":63}},"54":{"start":{"line":55,"column":0},"end":{"line":55,"column":7}},"55":{"start":{"line":56,"column":0},"end":{"line":56,"column":60}},"56":{"start":{"line":57,"column":0},"end":{"line":57,"column":5}},"58":{"start":{"line":59,"column":0},"end":{"line":59,"column":25}},"59":{"start":{"line":60,"column":0},"end":{"line":60,"column":47}},"60":{"start":{"line":61,"column":0},"end":{"line":61,"column":4}},"62":{"start":{"line":63,"column":0},"end":{"line":63,"column":54}},"63":{"start":{"line":64,"column":0},"end":{"line":64,"column":23}},"65":{"start":{"line":66,"column":0},"end":{"line":66,"column":26}},"66":{"start":{"line":67,"column":0},"end":{"line":67,"column":13}},"67":{"start":{"line":68,"column":0},"end":{"line":68,"column":5}},"69":{"start":{"line":70,"column":0},"end":{"line":70,"column":26}},"71":{"start":{"line":72,"column":0},"end":{"line":72,"column":9}},"72":{"start":{"line":73,"column":0},"end":{"line":73,"column":52}},"73":{"start":{"line":74,"column":0},"end":{"line":74,"column":51}},"74":{"start":{"line":75,"column":0},"end":{"line":75,"column":38}},"75":{"start":{"line":76,"column":0},"end":{"line":76,"column":38}},"76":{"start":{"line":77,"column":0},"end":{"line":77,"column":34}},"77":{"start":{"line":78,"column":0},"end":{"line":78,"column":36}},"78":{"start":{"line":79,"column":0},"end":{"line":79,"column":39}},"79":{"start":{"line":80,"column":0},"end":{"line":80,"column":62}},"80":{"start":{"line":81,"column":0},"end":{"line":81,"column":8}},"82":{"start":{"line":83,"column":0},"end":{"line":83,"column":33}},"83":{"start":{"line":84,"column":0},"end":{"line":84,"column":20}},"84":{"start":{"line":85,"column":0},"end":{"line":85,"column":21}},"85":{"start":{"line":86,"column":0},"end":{"line":86,"column":54}},"86":{"start":{"line":87,"column":0},"end":{"line":87,"column":15}},"87":{"start":{"line":88,"column":0},"end":{"line":88,"column":29}},"88":{"start":{"line":89,"column":0},"end":{"line":89,"column":5}},"89":{"start":{"line":90,"column":0},"end":{"line":90,"column":4}},"91":{"start":{"line":92,"column":0},"end":{"line":92,"column":29}},"92":{"start":{"line":93,"column":0},"end":{"line":93,"column":17}},"93":{"start":{"line":94,"column":0},"end":{"line":94,"column":23}},"94":{"start":{"line":95,"column":0},"end":{"line":95,"column":36}},"95":{"start":{"line":96,"column":0},"end":{"line":96,"column":20}},"96":{"start":{"line":97,"column":0},"end":{"line":97,"column":18}},"97":{"start":{"line":98,"column":0},"end":{"line":98,"column":17}},"98":{"start":{"line":99,"column":0},"end":{"line":99,"column":7}},"99":{"start":{"line":100,"column":0},"end":{"line":100,"column":18}},"100":{"start":{"line":101,"column":0},"end":{"line":101,"column":27}},"101":{"start":{"line":102,"column":0},"end":{"line":102,"column":14}},"102":{"start":{"line":103,"column":0},"end":{"line":103,"column":4}},"104":{"start":{"line":105,"column":0},"end":{"line":105,"column":63}},"105":{"start":{"line":106,"column":0},"end":{"line":106,"column":57}},"106":{"start":{"line":107,"column":0},"end":{"line":107,"column":24}},"107":{"start":{"line":108,"column":0},"end":{"line":108,"column":54}},"108":{"start":{"line":109,"column":0},"end":{"line":109,"column":5}},"109":{"start":{"line":110,"column":0},"end":{"line":110,"column":4}},"112":{"start":{"line":113,"column":0},"end":{"line":113,"column":61}},"113":{"start":{"line":114,"column":0},"end":{"line":114,"column":24}},"114":{"start":{"line":115,"column":0},"end":{"line":115,"column":30}},"115":{"start":{"line":116,"column":0},"end":{"line":116,"column":40}},"116":{"start":{"line":117,"column":0},"end":{"line":117,"column":26}},"117":{"start":{"line":118,"column":0},"end":{"line":118,"column":36}},"118":{"start":{"line":119,"column":0},"end":{"line":119,"column":30}},"119":{"start":{"line":120,"column":0},"end":{"line":120,"column":40}},"120":{"start":{"line":121,"column":0},"end":{"line":121,"column":31}},"121":{"start":{"line":122,"column":0},"end":{"line":122,"column":41}},"122":{"start":{"line":123,"column":0},"end":{"line":123,"column":31}},"123":{"start":{"line":124,"column":0},"end":{"line":124,"column":41}},"124":{"start":{"line":125,"column":0},"end":{"line":125,"column":14}},"125":{"start":{"line":126,"column":0},"end":{"line":126,"column":25}},"126":{"start":{"line":127,"column":0},"end":{"line":127,"column":5}},"127":{"start":{"line":128,"column":0},"end":{"line":128,"column":4}},"129":{"start":{"line":130,"column":0},"end":{"line":130,"column":27}},"131":{"start":{"line":132,"column":0},"end":{"line":132,"column":10}},"132":{"start":{"line":133,"column":0},"end":{"line":133,"column":6}},"134":{"start":{"line":135,"column":0},"end":{"line":135,"column":10}},"135":{"start":{"line":136,"column":0},"end":{"line":136,"column":16}},"136":{"start":{"line":137,"column":0},"end":{"line":137,"column":28}},"137":{"start":{"line":138,"column":0},"end":{"line":138,"column":17}},"138":{"start":{"line":139,"column":0},"end":{"line":139,"column":18}},"139":{"start":{"line":140,"column":0},"end":{"line":140,"column":19}},"140":{"start":{"line":141,"column":0},"end":{"line":141,"column":20}},"141":{"start":{"line":142,"column":0},"end":{"line":142,"column":48}},"142":{"start":{"line":143,"column":0},"end":{"line":143,"column":23}},"143":{"start":{"line":144,"column":0},"end":{"line":144,"column":10}},"144":{"start":{"line":145,"column":0},"end":{"line":145,"column":29}},"145":{"start":{"line":146,"column":0},"end":{"line":146,"column":8}},"148":{"start":{"line":149,"column":0},"end":{"line":149,"column":10}},"149":{"start":{"line":150,"column":0},"end":{"line":150,"column":16}},"150":{"start":{"line":151,"column":0},"end":{"line":151,"column":28}},"151":{"start":{"line":152,"column":0},"end":{"line":152,"column":21}},"152":{"start":{"line":153,"column":0},"end":{"line":153,"column":22}},"153":{"start":{"line":154,"column":0},"end":{"line":154,"column":45}},"154":{"start":{"line":155,"column":0},"end":{"line":155,"column":35}},"155":{"start":{"line":156,"column":0},"end":{"line":156,"column":30}},"156":{"start":{"line":157,"column":0},"end":{"line":157,"column":26}},"157":{"start":{"line":158,"column":0},"end":{"line":158,"column":23}},"158":{"start":{"line":159,"column":0},"end":{"line":159,"column":28}},"159":{"start":{"line":160,"column":0},"end":{"line":160,"column":28}},"160":{"start":{"line":161,"column":0},"end":{"line":161,"column":28}},"161":{"start":{"line":162,"column":0},"end":{"line":162,"column":54}},"162":{"start":{"line":163,"column":0},"end":{"line":163,"column":23}},"163":{"start":{"line":164,"column":0},"end":{"line":164,"column":10}},"164":{"start":{"line":165,"column":0},"end":{"line":165,"column":44}},"166":{"start":{"line":167,"column":0},"end":{"line":167,"column":46}},"167":{"start":{"line":168,"column":0},"end":{"line":168,"column":13}},"168":{"start":{"line":169,"column":0},"end":{"line":169,"column":20}},"169":{"start":{"line":170,"column":0},"end":{"line":170,"column":24}},"170":{"start":{"line":171,"column":0},"end":{"line":171,"column":31}},"171":{"start":{"line":172,"column":0},"end":{"line":172,"column":32}},"172":{"start":{"line":173,"column":0},"end":{"line":173,"column":31}},"173":{"start":{"line":174,"column":0},"end":{"line":174,"column":14}},"175":{"start":{"line":176,"column":0},"end":{"line":176,"column":36}},"176":{"start":{"line":177,"column":0},"end":{"line":177,"column":15}},"177":{"start":{"line":178,"column":0},"end":{"line":178,"column":12}},"178":{"start":{"line":179,"column":0},"end":{"line":179,"column":79}},"180":{"start":{"line":181,"column":0},"end":{"line":181,"column":39}},"181":{"start":{"line":182,"column":0},"end":{"line":182,"column":14}},"182":{"start":{"line":183,"column":0},"end":{"line":183,"column":14}},"184":{"start":{"line":185,"column":0},"end":{"line":185,"column":38}},"185":{"start":{"line":186,"column":0},"end":{"line":186,"column":48}},"186":{"start":{"line":187,"column":0},"end":{"line":187,"column":18}},"187":{"start":{"line":188,"column":0},"end":{"line":188,"column":36}},"188":{"start":{"line":189,"column":0},"end":{"line":189,"column":22}},"189":{"start":{"line":190,"column":0},"end":{"line":190,"column":33}},"190":{"start":{"line":191,"column":0},"end":{"line":191,"column":36}},"191":{"start":{"line":192,"column":0},"end":{"line":192,"column":34}},"192":{"start":{"line":193,"column":0},"end":{"line":193,"column":33}},"193":{"start":{"line":194,"column":0},"end":{"line":194,"column":16}},"195":{"start":{"line":196,"column":0},"end":{"line":196,"column":47}},"196":{"start":{"line":197,"column":0},"end":{"line":197,"column":20}},"197":{"start":{"line":198,"column":0},"end":{"line":198,"column":18}},"198":{"start":{"line":199,"column":0},"end":{"line":199,"column":31}},"199":{"start":{"line":200,"column":0},"end":{"line":200,"column":43}},"200":{"start":{"line":201,"column":0},"end":{"line":201,"column":80}},"201":{"start":{"line":202,"column":0},"end":{"line":202,"column":57}},"202":{"start":{"line":203,"column":0},"end":{"line":203,"column":39}},"203":{"start":{"line":204,"column":0},"end":{"line":204,"column":14}},"204":{"start":{"line":205,"column":0},"end":{"line":205,"column":37}},"205":{"start":{"line":206,"column":0},"end":{"line":206,"column":16}},"206":{"start":{"line":207,"column":0},"end":{"line":207,"column":24}},"207":{"start":{"line":208,"column":0},"end":{"line":208,"column":38}},"208":{"start":{"line":209,"column":0},"end":{"line":209,"column":35}},"209":{"start":{"line":210,"column":0},"end":{"line":210,"column":35}},"210":{"start":{"line":211,"column":0},"end":{"line":211,"column":18}},"212":{"start":{"line":213,"column":0},"end":{"line":213,"column":37}},"213":{"start":{"line":214,"column":0},"end":{"line":214,"column":18}},"215":{"start":{"line":216,"column":0},"end":{"line":216,"column":16}},"217":{"start":{"line":218,"column":0},"end":{"line":218,"column":48}},"218":{"start":{"line":219,"column":0},"end":{"line":219,"column":18}},"219":{"start":{"line":220,"column":0},"end":{"line":220,"column":33}},"220":{"start":{"line":221,"column":0},"end":{"line":221,"column":22}},"221":{"start":{"line":222,"column":0},"end":{"line":222,"column":33}},"222":{"start":{"line":223,"column":0},"end":{"line":223,"column":36}},"223":{"start":{"line":224,"column":0},"end":{"line":224,"column":34}},"224":{"start":{"line":225,"column":0},"end":{"line":225,"column":33}},"225":{"start":{"line":226,"column":0},"end":{"line":226,"column":16}},"227":{"start":{"line":228,"column":0},"end":{"line":228,"column":44}},"228":{"start":{"line":229,"column":0},"end":{"line":229,"column":20}},"229":{"start":{"line":230,"column":0},"end":{"line":230,"column":19}},"230":{"start":{"line":231,"column":0},"end":{"line":231,"column":28}},"231":{"start":{"line":232,"column":0},"end":{"line":232,"column":40}},"232":{"start":{"line":233,"column":0},"end":{"line":233,"column":78}},"233":{"start":{"line":234,"column":0},"end":{"line":234,"column":22}},"234":{"start":{"line":235,"column":0},"end":{"line":235,"column":30}},"235":{"start":{"line":236,"column":0},"end":{"line":236,"column":32}},"236":{"start":{"line":237,"column":0},"end":{"line":237,"column":44}},"237":{"start":{"line":238,"column":0},"end":{"line":238,"column":36}},"238":{"start":{"line":239,"column":0},"end":{"line":239,"column":33}},"239":{"start":{"line":240,"column":0},"end":{"line":240,"column":40}},"240":{"start":{"line":241,"column":0},"end":{"line":241,"column":16}},"242":{"start":{"line":243,"column":0},"end":{"line":243,"column":49}},"243":{"start":{"line":244,"column":0},"end":{"line":244,"column":61}},"244":{"start":{"line":245,"column":0},"end":{"line":245,"column":23}},"245":{"start":{"line":246,"column":0},"end":{"line":246,"column":45}},"246":{"start":{"line":247,"column":0},"end":{"line":247,"column":57}},"247":{"start":{"line":248,"column":0},"end":{"line":248,"column":23}},"248":{"start":{"line":249,"column":0},"end":{"line":249,"column":49}},"249":{"start":{"line":250,"column":0},"end":{"line":250,"column":61}},"250":{"start":{"line":251,"column":0},"end":{"line":251,"column":23}},"251":{"start":{"line":252,"column":0},"end":{"line":252,"column":50}},"252":{"start":{"line":253,"column":0},"end":{"line":253,"column":62}},"253":{"start":{"line":254,"column":0},"end":{"line":254,"column":23}},"254":{"start":{"line":255,"column":0},"end":{"line":255,"column":50}},"255":{"start":{"line":256,"column":0},"end":{"line":256,"column":62}},"256":{"start":{"line":257,"column":0},"end":{"line":257,"column":23}},"257":{"start":{"line":258,"column":0},"end":{"line":258,"column":21}},"258":{"start":{"line":259,"column":0},"end":{"line":259,"column":16}},"260":{"start":{"line":261,"column":0},"end":{"line":261,"column":14}},"261":{"start":{"line":262,"column":0},"end":{"line":262,"column":20}},"262":{"start":{"line":263,"column":0},"end":{"line":263,"column":30}},"263":{"start":{"line":264,"column":0},"end":{"line":264,"column":45}},"264":{"start":{"line":265,"column":0},"end":{"line":265,"column":26}},"265":{"start":{"line":266,"column":0},"end":{"line":266,"column":35}},"266":{"start":{"line":267,"column":0},"end":{"line":267,"column":14}},"268":{"start":{"line":269,"column":0},"end":{"line":269,"column":17}},"269":{"start":{"line":270,"column":0},"end":{"line":270,"column":20}},"270":{"start":{"line":271,"column":0},"end":{"line":271,"column":35}},"271":{"start":{"line":272,"column":0},"end":{"line":272,"column":24}},"272":{"start":{"line":273,"column":0},"end":{"line":273,"column":35}},"273":{"start":{"line":274,"column":0},"end":{"line":274,"column":38}},"274":{"start":{"line":275,"column":0},"end":{"line":275,"column":36}},"275":{"start":{"line":276,"column":0},"end":{"line":276,"column":35}},"276":{"start":{"line":277,"column":0},"end":{"line":277,"column":18}},"278":{"start":{"line":279,"column":0},"end":{"line":279,"column":46}},"279":{"start":{"line":280,"column":0},"end":{"line":280,"column":22}},"280":{"start":{"line":281,"column":0},"end":{"line":281,"column":20}},"281":{"start":{"line":282,"column":0},"end":{"line":282,"column":30}},"282":{"start":{"line":283,"column":0},"end":{"line":283,"column":27}},"283":{"start":{"line":284,"column":0},"end":{"line":284,"column":42}},"284":{"start":{"line":285,"column":0},"end":{"line":285,"column":80}},"285":{"start":{"line":286,"column":0},"end":{"line":286,"column":24}},"286":{"start":{"line":287,"column":0},"end":{"line":287,"column":32}},"287":{"start":{"line":288,"column":0},"end":{"line":288,"column":34}},"288":{"start":{"line":289,"column":0},"end":{"line":289,"column":42}},"289":{"start":{"line":290,"column":0},"end":{"line":290,"column":41}},"290":{"start":{"line":291,"column":0},"end":{"line":291,"column":42}},"291":{"start":{"line":292,"column":0},"end":{"line":292,"column":38}},"292":{"start":{"line":293,"column":0},"end":{"line":293,"column":35}},"293":{"start":{"line":294,"column":0},"end":{"line":294,"column":42}},"294":{"start":{"line":295,"column":0},"end":{"line":295,"column":18}},"295":{"start":{"line":296,"column":0},"end":{"line":296,"column":16}},"296":{"start":{"line":297,"column":0},"end":{"line":297,"column":36}},"297":{"start":{"line":298,"column":0},"end":{"line":298,"column":18}},"298":{"start":{"line":299,"column":0},"end":{"line":299,"column":26}},"299":{"start":{"line":300,"column":0},"end":{"line":300,"column":40}},"300":{"start":{"line":301,"column":0},"end":{"line":301,"column":37}},"301":{"start":{"line":302,"column":0},"end":{"line":302,"column":37}},"302":{"start":{"line":303,"column":0},"end":{"line":303,"column":20}},"304":{"start":{"line":305,"column":0},"end":{"line":305,"column":36}},"305":{"start":{"line":306,"column":0},"end":{"line":306,"column":20}},"307":{"start":{"line":308,"column":0},"end":{"line":308,"column":18}},"309":{"start":{"line":310,"column":0},"end":{"line":310,"column":17}},"310":{"start":{"line":311,"column":0},"end":{"line":311,"column":20}},"311":{"start":{"line":312,"column":0},"end":{"line":312,"column":33}},"312":{"start":{"line":313,"column":0},"end":{"line":313,"column":24}},"313":{"start":{"line":314,"column":0},"end":{"line":314,"column":35}},"314":{"start":{"line":315,"column":0},"end":{"line":315,"column":38}},"315":{"start":{"line":316,"column":0},"end":{"line":316,"column":36}},"316":{"start":{"line":317,"column":0},"end":{"line":317,"column":35}},"317":{"start":{"line":318,"column":0},"end":{"line":318,"column":18}},"319":{"start":{"line":320,"column":0},"end":{"line":320,"column":44}},"320":{"start":{"line":321,"column":0},"end":{"line":321,"column":22}},"321":{"start":{"line":322,"column":0},"end":{"line":322,"column":20}},"322":{"start":{"line":323,"column":0},"end":{"line":323,"column":28}},"323":{"start":{"line":324,"column":0},"end":{"line":324,"column":27}},"324":{"start":{"line":325,"column":0},"end":{"line":325,"column":40}},"325":{"start":{"line":326,"column":0},"end":{"line":326,"column":78}},"326":{"start":{"line":327,"column":0},"end":{"line":327,"column":24}},"327":{"start":{"line":328,"column":0},"end":{"line":328,"column":32}},"328":{"start":{"line":329,"column":0},"end":{"line":329,"column":34}},"329":{"start":{"line":330,"column":0},"end":{"line":330,"column":40}},"330":{"start":{"line":331,"column":0},"end":{"line":331,"column":41}},"331":{"start":{"line":332,"column":0},"end":{"line":332,"column":42}},"332":{"start":{"line":333,"column":0},"end":{"line":333,"column":38}},"333":{"start":{"line":334,"column":0},"end":{"line":334,"column":35}},"334":{"start":{"line":335,"column":0},"end":{"line":335,"column":42}},"335":{"start":{"line":336,"column":0},"end":{"line":336,"column":18}},"336":{"start":{"line":337,"column":0},"end":{"line":337,"column":16}},"337":{"start":{"line":338,"column":0},"end":{"line":338,"column":34}},"338":{"start":{"line":339,"column":0},"end":{"line":339,"column":18}},"339":{"start":{"line":340,"column":0},"end":{"line":340,"column":26}},"340":{"start":{"line":341,"column":0},"end":{"line":341,"column":40}},"341":{"start":{"line":342,"column":0},"end":{"line":342,"column":37}},"342":{"start":{"line":343,"column":0},"end":{"line":343,"column":37}},"343":{"start":{"line":344,"column":0},"end":{"line":344,"column":20}},"345":{"start":{"line":346,"column":0},"end":{"line":346,"column":34}},"346":{"start":{"line":347,"column":0},"end":{"line":347,"column":20}},"348":{"start":{"line":349,"column":0},"end":{"line":349,"column":18}},"349":{"start":{"line":350,"column":0},"end":{"line":350,"column":16}},"351":{"start":{"line":352,"column":0},"end":{"line":352,"column":48}},"352":{"start":{"line":353,"column":0},"end":{"line":353,"column":18}},"353":{"start":{"line":354,"column":0},"end":{"line":354,"column":30}},"354":{"start":{"line":355,"column":0},"end":{"line":355,"column":22}},"355":{"start":{"line":356,"column":0},"end":{"line":356,"column":33}},"356":{"start":{"line":357,"column":0},"end":{"line":357,"column":36}},"357":{"start":{"line":358,"column":0},"end":{"line":358,"column":34}},"358":{"start":{"line":359,"column":0},"end":{"line":359,"column":33}},"359":{"start":{"line":360,"column":0},"end":{"line":360,"column":16}},"361":{"start":{"line":362,"column":0},"end":{"line":362,"column":39}},"362":{"start":{"line":363,"column":0},"end":{"line":363,"column":20}},"363":{"start":{"line":364,"column":0},"end":{"line":364,"column":21}},"364":{"start":{"line":365,"column":0},"end":{"line":365,"column":25}},"365":{"start":{"line":366,"column":0},"end":{"line":366,"column":37}},"366":{"start":{"line":367,"column":0},"end":{"line":367,"column":75}},"367":{"start":{"line":368,"column":0},"end":{"line":368,"column":22}},"368":{"start":{"line":369,"column":0},"end":{"line":369,"column":22}},"369":{"start":{"line":370,"column":0},"end":{"line":370,"column":30}},"370":{"start":{"line":371,"column":0},"end":{"line":371,"column":32}},"371":{"start":{"line":372,"column":0},"end":{"line":372,"column":44}},"372":{"start":{"line":373,"column":0},"end":{"line":373,"column":36}},"373":{"start":{"line":374,"column":0},"end":{"line":374,"column":33}},"374":{"start":{"line":375,"column":0},"end":{"line":375,"column":40}},"375":{"start":{"line":376,"column":0},"end":{"line":376,"column":35}},"376":{"start":{"line":377,"column":0},"end":{"line":377,"column":16}},"377":{"start":{"line":378,"column":0},"end":{"line":378,"column":62}},"378":{"start":{"line":379,"column":0},"end":{"line":379,"column":14}},"379":{"start":{"line":380,"column":0},"end":{"line":380,"column":16}},"381":{"start":{"line":382,"column":0},"end":{"line":382,"column":14}},"382":{"start":{"line":383,"column":0},"end":{"line":383,"column":80}},"384":{"start":{"line":385,"column":0},"end":{"line":385,"column":19}},"385":{"start":{"line":386,"column":0},"end":{"line":386,"column":35}},"386":{"start":{"line":387,"column":0},"end":{"line":387,"column":37}},"387":{"start":{"line":388,"column":0},"end":{"line":388,"column":34}},"389":{"start":{"line":390,"column":0},"end":{"line":390,"column":34}},"390":{"start":{"line":391,"column":0},"end":{"line":391,"column":21}},"391":{"start":{"line":392,"column":0},"end":{"line":392,"column":19}},"392":{"start":{"line":393,"column":0},"end":{"line":393,"column":42}},"393":{"start":{"line":394,"column":0},"end":{"line":394,"column":37}},"394":{"start":{"line":395,"column":0},"end":{"line":395,"column":33}},"396":{"start":{"line":397,"column":0},"end":{"line":397,"column":27}},"397":{"start":{"line":398,"column":0},"end":{"line":398,"column":43}},"398":{"start":{"line":399,"column":0},"end":{"line":399,"column":49}},"399":{"start":{"line":400,"column":0},"end":{"line":400,"column":21}},"400":{"start":{"line":401,"column":0},"end":{"line":401,"column":16}},"401":{"start":{"line":402,"column":0},"end":{"line":402,"column":15}},"402":{"start":{"line":403,"column":0},"end":{"line":403,"column":12}},"403":{"start":{"line":404,"column":0},"end":{"line":404,"column":7}},"405":{"start":{"line":406,"column":0},"end":{"line":406,"column":1}}},"s":{"4":1,"5":1,"10":1,"11":1,"19":1,"20":12,"21":12,"22":12,"23":12,"24":12,"25":12,"26":12,"27":12,"28":12,"29":12,"30":12,"31":12,"32":12,"33":12,"35":12,"36":0,"38":0,"39":0,"40":0,"42":0,"43":0,"44":0,"46":0,"47":0,"48":0,"50":0,"51":0,"52":0,"53":0,"54":0,"55":0,"56":0,"58":0,"59":0,"60":0,"62":12,"63":0,"65":0,"66":0,"67":0,"69":0,"71":0,"72":0,"73":0,"74":0,"75":0,"76":0,"77":0,"78":0,"79":0,"80":0,"82":0,"83":0,"84":0,"85":0,"86":0,"87":0,"88":0,"89":0,"91":12,"92":1,"93":1,"94":1,"95":1,"96":1,"97":1,"98":1,"99":1,"100":1,"101":1,"102":1,"104":12,"105":0,"106":0,"107":0,"108":0,"109":0,"112":12,"113":25,"114":25,"115":5,"116":25,"117":5,"118":25,"119":5,"120":25,"121":5,"122":25,"123":5,"124":25,"125":0,"126":25,"127":25,"129":12,"131":5,"132":5,"134":5,"135":5,"136":5,"137":5,"138":5,"139":5,"140":5,"141":5,"142":5,"143":5,"144":5,"145":5,"148":5,"149":5,"150":5,"151":5,"152":5,"153":5,"154":5,"155":5,"156":5,"157":5,"158":5,"159":5,"160":5,"161":5,"162":5,"163":5,"164":5,"166":5,"167":5,"168":5,"169":5,"170":5,"171":5,"172":5,"173":5,"175":5,"176":5,"177":5,"178":5,"180":5,"181":5,"182":5,"184":5,"185":5,"186":5,"187":5,"188":5,"189":5,"190":5,"191":5,"192":5,"193":5,"195":5,"196":5,"197":5,"198":5,"199":5,"200":5,"201":5,"202":5,"203":5,"204":5,"205":0,"206":0,"207":0,"208":0,"209":0,"210":0,"212":0,"213":0,"215":12,"217":12,"218":12,"219":12,"220":12,"221":12,"222":12,"223":12,"224":12,"225":12,"227":12,"228":12,"229":12,"230":12,"231":12,"232":12,"233":12,"234":12,"235":12,"236":12,"237":12,"238":12,"239":12,"240":12,"242":12,"243":12,"244":12,"245":12,"246":12,"247":12,"248":12,"249":12,"250":12,"251":12,"252":12,"253":12,"254":12,"255":12,"256":12,"257":12,"258":12,"260":12,"261":12,"262":12,"263":12,"264":12,"265":12,"266":12,"268":12,"269":12,"270":12,"271":12,"272":12,"273":12,"274":12,"275":12,"276":12,"278":12,"279":12,"280":12,"281":12,"282":12,"283":12,"284":12,"285":12,"286":12,"287":12,"288":12,"289":0,"290":5,"291":12,"292":12,"293":12,"294":12,"295":12,"296":12,"297":0,"298":0,"299":0,"300":0,"301":0,"302":0,"304":0,"305":0,"307":12,"309":12,"310":12,"311":12,"312":12,"313":12,"314":12,"315":12,"316":12,"317":12,"319":12,"320":12,"321":12,"322":12,"323":12,"324":12,"325":12,"326":12,"327":12,"328":12,"329":12,"330":0,"331":5,"332":12,"333":12,"334":12,"335":12,"336":12,"337":12,"338":0,"339":0,"340":0,"341":0,"342":0,"343":0,"345":0,"346":0,"348":12,"349":12,"351":12,"352":12,"353":12,"354":12,"355":12,"356":12,"357":12,"358":12,"359":12,"361":12,"362":12,"363":12,"364":12,"365":12,"366":12,"367":12,"368":12,"369":12,"370":12,"371":12,"372":12,"373":12,"374":12,"375":12,"376":12,"377":12,"378":12,"379":12,"381":12,"382":12,"384":12,"385":12,"386":12,"387":12,"389":12,"390":12,"391":12,"392":12,"393":12,"394":12,"396":12,"397":0,"398":5,"399":12,"400":12,"401":12,"402":12,"403":12,"405":12},"branchMap":{"0":{"type":"branch","line":20,"loc":{"start":{"line":20,"column":7},"end":{"line":406,"column":1}},"locations":[{"start":{"line":20,"column":7},"end":{"line":406,"column":1}}]},"1":{"type":"branch","line":130,"loc":{"start":{"line":130,"column":15},"end":{"line":130,"column":27}},"locations":[{"start":{"line":130,"column":15},"end":{"line":130,"column":27}}]},"2":{"type":"branch","line":130,"loc":{"start":{"line":130,"column":22},"end":{"line":205,"column":37}},"locations":[{"start":{"line":130,"column":22},"end":{"line":205,"column":37}}]},"3":{"type":"branch","line":205,"loc":{"start":{"line":205,"column":20},"end":{"line":214,"column":18}},"locations":[{"start":{"line":205,"column":20},"end":{"line":214,"column":18}}]},"4":{"type":"branch","line":289,"loc":{"start":{"line":289,"column":33},"end":{"line":290,"column":41}},"locations":[{"start":{"line":289,"column":33},"end":{"line":290,"column":41}}]},"5":{"type":"branch","line":290,"loc":{"start":{"line":290,"column":22},"end":{"line":291,"column":42}},"locations":[{"start":{"line":290,"column":22},"end":{"line":291,"column":42}}]},"6":{"type":"branch","line":297,"loc":{"start":{"line":297,"column":22},"end":{"line":306,"column":20}},"locations":[{"start":{"line":297,"column":22},"end":{"line":306,"column":20}}]},"7":{"type":"branch","line":330,"loc":{"start":{"line":330,"column":33},"end":{"line":331,"column":41}},"locations":[{"start":{"line":330,"column":33},"end":{"line":331,"column":41}}]},"8":{"type":"branch","line":331,"loc":{"start":{"line":331,"column":22},"end":{"line":332,"column":42}},"locations":[{"start":{"line":331,"column":22},"end":{"line":332,"column":42}}]},"9":{"type":"branch","line":338,"loc":{"start":{"line":338,"column":22},"end":{"line":347,"column":20}},"locations":[{"start":{"line":338,"column":22},"end":{"line":347,"column":20}}]},"10":{"type":"branch","line":397,"loc":{"start":{"line":397,"column":15},"end":{"line":398,"column":43}},"locations":[{"start":{"line":397,"column":15},"end":{"line":398,"column":43}}]},"11":{"type":"branch","line":398,"loc":{"start":{"line":398,"column":42},"end":{"line":399,"column":49}},"locations":[{"start":{"line":398,"column":42},"end":{"line":399,"column":49}}]},"12":{"type":"branch","line":92,"loc":{"start":{"line":92,"column":22},"end":{"line":103,"column":4}},"locations":[{"start":{"line":92,"column":22},"end":{"line":103,"column":4}}]},"13":{"type":"branch","line":113,"loc":{"start":{"line":113,"column":34},"end":{"line":128,"column":4}},"locations":[{"start":{"line":113,"column":34},"end":{"line":128,"column":4}}]},"14":{"type":"branch","line":115,"loc":{"start":{"line":115,"column":6},"end":{"line":116,"column":40}},"locations":[{"start":{"line":115,"column":6},"end":{"line":116,"column":40}}]},"15":{"type":"branch","line":117,"loc":{"start":{"line":117,"column":6},"end":{"line":118,"column":36}},"locations":[{"start":{"line":117,"column":6},"end":{"line":118,"column":36}}]},"16":{"type":"branch","line":119,"loc":{"start":{"line":119,"column":6},"end":{"line":120,"column":40}},"locations":[{"start":{"line":119,"column":6},"end":{"line":120,"column":40}}]},"17":{"type":"branch","line":121,"loc":{"start":{"line":121,"column":6},"end":{"line":122,"column":41}},"locations":[{"start":{"line":121,"column":6},"end":{"line":122,"column":41}}]},"18":{"type":"branch","line":123,"loc":{"start":{"line":123,"column":6},"end":{"line":124,"column":41}},"locations":[{"start":{"line":123,"column":6},"end":{"line":124,"column":41}}]},"19":{"type":"branch","line":125,"loc":{"start":{"line":125,"column":6},"end":{"line":126,"column":25}},"locations":[{"start":{"line":125,"column":6},"end":{"line":126,"column":25}}]},"20":{"type":"branch","line":165,"loc":{"start":{"line":165,"column":17},"end":{"line":165,"column":44}},"locations":[{"start":{"line":165,"column":17},"end":{"line":165,"column":44}}]}},"b":{"0":[12],"1":[7],"2":[5],"3":[0],"4":[0],"5":[5],"6":[0],"7":[0],"8":[5],"9":[0],"10":[0],"11":[5],"12":[1],"13":[25],"14":[5],"15":[5],"16":[5],"17":[5],"18":[5],"19":[0],"20":[1]},"fnMap":{"0":{"name":"CreateRequestModal","decl":{"start":{"line":20,"column":7},"end":{"line":406,"column":1}},"loc":{"start":{"line":20,"column":7},"end":{"line":406,"column":1}},"line":20},"1":{"name":"validateForm","decl":{"start":{"line":36,"column":23},"end":{"line":61,"column":4}},"loc":{"start":{"line":36,"column":23},"end":{"line":61,"column":4}},"line":36},"2":{"name":"handleSubmit","decl":{"start":{"line":63,"column":23},"end":{"line":90,"column":4}},"loc":{"start":{"line":63,"column":23},"end":{"line":90,"column":4}},"line":63},"3":{"name":"handleClose","decl":{"start":{"line":92,"column":22},"end":{"line":103,"column":4}},"loc":{"start":{"line":92,"column":22},"end":{"line":103,"column":4}},"line":92},"4":{"name":"handleInputChange","decl":{"start":{"line":105,"column":28},"end":{"line":110,"column":4}},"loc":{"start":{"line":105,"column":28},"end":{"line":110,"column":4}},"line":105},"5":{"name":"getLeaveTypeTranslation","decl":{"start":{"line":113,"column":34},"end":{"line":128,"column":4}},"loc":{"start":{"line":113,"column":34},"end":{"line":128,"column":4}},"line":113},"6":{"name":"onClick","decl":{"start":{"line":165,"column":17},"end":{"line":165,"column":44}},"loc":{"start":{"line":165,"column":17},"end":{"line":165,"column":44}},"line":165},"7":{"name":"onInput","decl":{"start":{"line":201,"column":23},"end":{"line":201,"column":80}},"loc":{"start":{"line":201,"column":23},"end":{"line":201,"column":80}},"line":201},"8":{"name":"onChange","decl":{"start":{"line":233,"column":24},"end":{"line":233,"column":78}},"loc":{"start":{"line":233,"column":24},"end":{"line":233,"column":78}},"line":233},"9":{"name":"onChange","decl":{"start":{"line":285,"column":26},"end":{"line":285,"column":80}},"loc":{"start":{"line":285,"column":26},"end":{"line":285,"column":80}},"line":285},"10":{"name":"onChange","decl":{"start":{"line":326,"column":26},"end":{"line":326,"column":78}},"loc":{"start":{"line":326,"column":26},"end":{"line":326,"column":78}},"line":326},"11":{"name":"onChange","decl":{"start":{"line":367,"column":24},"end":{"line":367,"column":75}},"loc":{"start":{"line":367,"column":24},"end":{"line":367,"column":75}},"line":367},"12":{"name":"onClick","decl":{"start":{"line":393,"column":23},"end":{"line":393,"column":42}},"loc":{"start":{"line":393,"column":23},"end":{"line":393,"column":42}},"line":393}},"f":{"0":12,"1":0,"2":0,"3":1,"4":0,"5":25,"6":1,"7":0,"8":0,"9":0,"10":0,"11":0,"12":0}}
,"/Users/javiergomez/Downloads/leave-request-dashboard/components/FilterControls.tsx": {"path":"/Users/javiergomez/Downloads/leave-request-dashboard/components/FilterControls.tsx","all":false,"statementMap":{"1":{"start":{"line":2,"column":0},"end":{"line":2,"column":8}},"6":{"start":{"line":7,"column":0},"end":{"line":7,"column":57}},"7":{"start":{"line":8,"column":0},"end":{"line":8,"column":50}},"16":{"start":{"line":17,"column":0},"end":{"line":17,"column":32}},"17":{"start":{"line":18,"column":0},"end":{"line":18,"column":10}},"18":{"start":{"line":19,"column":0},"end":{"line":19,"column":14}},"19":{"start":{"line":20,"column":0},"end":{"line":20,"column":18}},"20":{"start":{"line":21,"column":0},"end":{"line":21,"column":15}},"21":{"start":{"line":22,"column":0},"end":{"line":22,"column":25}},"22":{"start":{"line":23,"column":0},"end":{"line":23,"column":33}},"24":{"start":{"line":25,"column":0},"end":{"line":25,"column":16}},"25":{"start":{"line":26,"column":0},"end":{"line":26,"column":58}},"26":{"start":{"line":27,"column":0},"end":{"line":27,"column":64}},"27":{"start":{"line":28,"column":0},"end":{"line":28,"column":66}},"28":{"start":{"line":29,"column":0},"end":{"line":29,"column":66}},"29":{"start":{"line":30,"column":0},"end":{"line":30,"column":4}},"31":{"start":{"line":32,"column":0},"end":{"line":32,"column":62}},"32":{"start":{"line":33,"column":0},"end":{"line":33,"column":51}},"33":{"start":{"line":34,"column":0},"end":{"line":34,"column":4}},"35":{"start":{"line":36,"column":0},"end":{"line":36,"column":10}},"36":{"start":{"line":37,"column":0},"end":{"line":37,"column":42}},"37":{"start":{"line":38,"column":0},"end":{"line":38,"column":10}},"38":{"start":{"line":39,"column":0},"end":{"line":39,"column":16}},"39":{"start":{"line":40,"column":0},"end":{"line":40,"column":26}},"40":{"start":{"line":41,"column":0},"end":{"line":41,"column":19}},"41":{"start":{"line":42,"column":0},"end":{"line":42,"column":44}},"42":{"start":{"line":43,"column":0},"end":{"line":43,"column":31}},"43":{"start":{"line":44,"column":0},"end":{"line":44,"column":10}},"45":{"start":{"line":46,"column":0},"end":{"line":46,"column":35}},"46":{"start":{"line":47,"column":0},"end":{"line":47,"column":17}},"47":{"start":{"line":48,"column":0},"end":{"line":48,"column":23}},"48":{"start":{"line":49,"column":0},"end":{"line":49,"column":53}},"49":{"start":{"line":50,"column":0},"end":{"line":50,"column":20}},"50":{"start":{"line":51,"column":0},"end":{"line":51,"column":35}},"51":{"start":{"line":52,"column":0},"end":{"line":52,"column":29}},"52":{"start":{"line":53,"column":0},"end":{"line":53,"column":45}},"53":{"start":{"line":54,"column":0},"end":{"line":54,"column":74}},"54":{"start":{"line":55,"column":0},"end":{"line":55,"column":27}},"55":{"start":{"line":56,"column":0},"end":{"line":56,"column":44}},"56":{"start":{"line":57,"column":0},"end":{"line":57,"column":39}},"57":{"start":{"line":58,"column":0},"end":{"line":58,"column":44}},"58":{"start":{"line":59,"column":0},"end":{"line":59,"column":32}},"59":{"start":{"line":60,"column":0},"end":{"line":60,"column":31}},"60":{"start":{"line":61,"column":0},"end":{"line":61,"column":32}},"61":{"start":{"line":62,"column":0},"end":{"line":62,"column":37}},"62":{"start":{"line":63,"column":0},"end":{"line":63,"column":14}},"63":{"start":{"line":64,"column":0},"end":{"line":64,"column":34}},"64":{"start":{"line":65,"column":0},"end":{"line":65,"column":49}},"65":{"start":{"line":66,"column":0},"end":{"line":66,"column":56}},"66":{"start":{"line":67,"column":0},"end":{"line":67,"column":15}},"67":{"start":{"line":68,"column":0},"end":{"line":68,"column":14}},"68":{"start":{"line":69,"column":0},"end":{"line":69,"column":34}},"69":{"start":{"line":70,"column":0},"end":{"line":70,"column":49}},"70":{"start":{"line":71,"column":0},"end":{"line":71,"column":56}},"71":{"start":{"line":72,"column":0},"end":{"line":72,"column":15}},"72":{"start":{"line":73,"column":0},"end":{"line":73,"column":14}},"74":{"start":{"line":75,"column":0},"end":{"line":75,"column":23}},"75":{"start":{"line":76,"column":0},"end":{"line":76,"column":19}},"76":{"start":{"line":77,"column":0},"end":{"line":77,"column":11}},"78":{"start":{"line":79,"column":0},"end":{"line":79,"column":12}},"79":{"start":{"line":80,"column":0},"end":{"line":80,"column":79}},"81":{"start":{"line":82,"column":0},"end":{"line":82,"column":17}},"82":{"start":{"line":83,"column":0},"end":{"line":83,"column":26}},"83":{"start":{"line":84,"column":0},"end":{"line":84,"column":28}},"84":{"start":{"line":85,"column":0},"end":{"line":85,"column":31}},"85":{"start":{"line":86,"column":0},"end":{"line":86,"column":76}},"86":{"start":{"line":87,"column":0},"end":{"line":87,"column":16}},"88":{"start":{"line":89,"column":0},"end":{"line":89,"column":32}},"89":{"start":{"line":90,"column":0},"end":{"line":90,"column":23}},"91":{"start":{"line":92,"column":0},"end":{"line":92,"column":42}},"92":{"start":{"line":93,"column":0},"end":{"line":93,"column":57}},"93":{"start":{"line":94,"column":0},"end":{"line":94,"column":19}},"94":{"start":{"line":95,"column":0},"end":{"line":95,"column":14}},"95":{"start":{"line":96,"column":0},"end":{"line":96,"column":12}},"96":{"start":{"line":97,"column":0},"end":{"line":97,"column":10}},"98":{"start":{"line":99,"column":0},"end":{"line":99,"column":1}}},"s":{"1":1,"6":1,"7":1,"16":1,"17":7,"18":7,"19":7,"20":7,"21":7,"22":7,"24":7,"25":7,"26":7,"27":7,"28":7,"29":7,"31":7,"32":0,"33":0,"35":7,"36":7,"37":7,"38":7,"39":7,"40":7,"41":7,"42":7,"43":7,"45":7,"46":28,"47":28,"48":28,"49":28,"50":28,"51":28,"52":28,"53":28,"54":28,"55":28,"56":7,"57":21,"58":28,"59":28,"60":28,"61":28,"62":28,"63":28,"64":0,"65":0,"66":0,"67":0,"68":28,"69":0,"70":0,"71":0,"72":0,"74":28,"75":28,"76":7,"78":7,"79":7,"81":7,"82":7,"83":0,"84":0,"85":0,"86":0,"88":7,"89":7,"91":7,"92":7,"93":7,"94":7,"95":7,"96":7,"98":7},"branchMap":{"0":{"type":"branch","line":17,"loc":{"start":{"line":17,"column":7},"end":{"line":99,"column":1}},"locations":[{"start":{"line":17,"column":7},"end":{"line":99,"column":1}}]},"1":{"type":"branch","line":93,"loc":{"start":{"line":93,"column":39},"end":{"line":93,"column":53}},"locations":[{"start":{"line":93,"column":39},"end":{"line":93,"column":53}}]},"2":{"type":"branch","line":46,"loc":{"start":{"line":46,"column":18},"end":{"line":76,"column":19}},"locations":[{"start":{"line":46,"column":18},"end":{"line":76,"column":19}}]},"3":{"type":"branch","line":54,"loc":{"start":{"line":54,"column":44},"end":{"line":54,"column":64}},"locations":[{"start":{"line":54,"column":44},"end":{"line":54,"column":64}}]},"4":{"type":"branch","line":54,"loc":{"start":{"line":54,"column":52},"end":{"line":54,"column":74}},"locations":[{"start":{"line":54,"column":52},"end":{"line":54,"column":74}}]},"5":{"type":"branch","line":56,"loc":{"start":{"line":56,"column":39},"end":{"line":57,"column":39}},"locations":[{"start":{"line":56,"column":39},"end":{"line":57,"column":39}}]},"6":{"type":"branch","line":57,"loc":{"start":{"line":57,"column":20},"end":{"line":58,"column":44}},"locations":[{"start":{"line":57,"column":20},"end":{"line":58,"column":44}}]}},"b":{"0":[7],"1":[0],"2":[28],"3":[7],"4":[21],"5":[7],"6":[21]},"fnMap":{"0":{"name":"FilterControls","decl":{"start":{"line":17,"column":7},"end":{"line":99,"column":1}},"loc":{"start":{"line":17,"column":7},"end":{"line":99,"column":1}},"line":17},"1":{"name":"handleTabClick","decl":{"start":{"line":32,"column":25},"end":{"line":34,"column":4}},"loc":{"start":{"line":32,"column":25},"end":{"line":34,"column":4}},"line":32},"2":{"name":"onClick","decl":{"start":{"line":49,"column":21},"end":{"line":49,"column":53}},"loc":{"start":{"line":49,"column":21},"end":{"line":49,"column":53}},"line":49},"3":{"name":"onMouseEnter","decl":{"start":{"line":64,"column":26},"end":{"line":68,"column":14}},"loc":{"start":{"line":64,"column":26},"end":{"line":68,"column":14}},"line":64},"4":{"name":"onMouseLeave","decl":{"start":{"line":69,"column":26},"end":{"line":73,"column":14}},"loc":{"start":{"line":69,"column":26},"end":{"line":73,"column":14}},"line":69},"5":{"name":"onClick","decl":{"start":{"line":83,"column":21},"end":{"line":87,"column":16}},"loc":{"start":{"line":83,"column":21},"end":{"line":87,"column":16}},"line":83}},"f":{"0":7,"1":0,"2":0,"3":0,"4":0,"5":0}}
,"/Users/javiergomez/Downloads/leave-request-dashboard/components/LanguageSelector.tsx": {"path":"/Users/javiergomez/Downloads/leave-request-dashboard/components/LanguageSelector.tsx","all":false,"statementMap":{"2":{"start":{"line":3,"column":0},"end":{"line":3,"column":57}},"4":{"start":{"line":5,"column":0},"end":{"line":5,"column":36}},"5":{"start":{"line":6,"column":0},"end":{"line":6,"column":53}},"7":{"start":{"line":8,"column":0},"end":{"line":8,"column":62}},"8":{"start":{"line":9,"column":0},"end":{"line":9,"column":73}},"9":{"start":{"line":10,"column":0},"end":{"line":10,"column":29}},"12":{"start":{"line":13,"column":0},"end":{"line":13,"column":44}},"13":{"start":{"line":14,"column":0},"end":{"line":14,"column":38}},"14":{"start":{"line":15,"column":0},"end":{"line":15,"column":27}},"15":{"start":{"line":16,"column":0},"end":{"line":16,"column":19}},"16":{"start":{"line":17,"column":0},"end":{"line":17,"column":49}},"17":{"start":{"line":18,"column":0},"end":{"line":18,"column":24}},"18":{"start":{"line":19,"column":0},"end":{"line":19,"column":49}},"19":{"start":{"line":20,"column":0},"end":{"line":20,"column":14}},"20":{"start":{"line":21,"column":0},"end":{"line":21,"column":5}},"21":{"start":{"line":22,"column":0},"end":{"line":22,"column":4}},"23":{"start":{"line":24,"column":0},"end":{"line":24,"column":10}},"24":{"start":{"line":25,"column":0},"end":{"line":25,"column":71}},"25":{"start":{"line":26,"column":0},"end":{"line":26,"column":68}},"26":{"start":{"line":27,"column":0},"end":{"line":27,"column":13}},"27":{"start":{"line":28,"column":0},"end":{"line":28,"column":30}},"28":{"start":{"line":29,"column":0},"end":{"line":29,"column":24}},"29":{"start":{"line":30,"column":0},"end":{"line":30,"column":77}},"30":{"start":{"line":31,"column":0},"end":{"line":31,"column":16}},"31":{"start":{"line":32,"column":0},"end":{"line":32,"column":30}},"32":{"start":{"line":33,"column":0},"end":{"line":33,"column":38}},"33":{"start":{"line":34,"column":0},"end":{"line":34,"column":30}},"34":{"start":{"line":35,"column":0},"end":{"line":35,"column":27}},"35":{"start":{"line":36,"column":0},"end":{"line":36,"column":35}},"36":{"start":{"line":37,"column":0},"end":{"line":37,"column":28}},"37":{"start":{"line":38,"column":0},"end":{"line":38,"column":28}},"38":{"start":{"line":39,"column":0},"end":{"line":39,"column":51}},"39":{"start":{"line":40,"column":0},"end":{"line":40,"column":10}},"41":{"start":{"line":42,"column":0},"end":{"line":42,"column":43}},"42":{"start":{"line":43,"column":0},"end":{"line":43,"column":43}},"43":{"start":{"line":44,"column":0},"end":{"line":44,"column":15}},"44":{"start":{"line":45,"column":0},"end":{"line":45,"column":73}},"45":{"start":{"line":46,"column":0},"end":{"line":46,"column":41}},"46":{"start":{"line":47,"column":0},"end":{"line":47,"column":13}},"47":{"start":{"line":48,"column":0},"end":{"line":48,"column":10}},"49":{"start":{"line":50,"column":0},"end":{"line":50,"column":1}}},"s":{"2":1,"4":1,"5":7,"7":7,"8":0,"9":0,"12":0,"13":0,"14":0,"15":0,"16":0,"17":0,"18":0,"19":0,"20":0,"21":0,"23":7,"24":7,"25":7,"26":7,"27":7,"28":7,"29":7,"30":7,"31":7,"32":7,"33":7,"34":7,"35":7,"36":7,"37":7,"38":7,"39":7,"41":7,"42":7,"43":7,"44":7,"45":7,"46":7,"47":7,"49":7},"branchMap":{"0":{"type":"branch","line":5,"loc":{"start":{"line":5,"column":7},"end":{"line":50,"column":1}},"locations":[{"start":{"line":5,"column":7},"end":{"line":50,"column":1}}]},"1":{"type":"branch","line":46,"loc":{"start":{"line":46,"column":29},"end":{"line":46,"column":41}},"locations":[{"start":{"line":46,"column":29},"end":{"line":46,"column":41}}]}},"b":{"0":[7],"1":[0]},"fnMap":{"0":{"name":"LanguageSelector","decl":{"start":{"line":5,"column":7},"end":{"line":50,"column":1}},"loc":{"start":{"line":5,"column":7},"end":{"line":50,"column":1}},"line":5},"1":{"name":"handleLanguageChange","decl":{"start":{"line":8,"column":31},"end":{"line":22,"column":4}},"loc":{"start":{"line":8,"column":31},"end":{"line":22,"column":4}},"line":8},"2":{"name":"onChange","decl":{"start":{"line":30,"column":18},"end":{"line":30,"column":77}},"loc":{"start":{"line":30,"column":18},"end":{"line":30,"column":77}},"line":30}},"f":{"0":7,"1":0,"2":0}}
,"/Users/javiergomez/Downloads/leave-request-dashboard/components/LeaveRequestDashboard.tsx": {"path":"/Users/javiergomez/Downloads/leave-request-dashboard/components/LeaveRequestDashboard.tsx","all":false,"statementMap":{"2":{"start":{"line":3,"column":0},"end":{"line":3,"column":33}},"3":{"start":{"line":4,"column":0},"end":{"line":4,"column":63}},"5":{"start":{"line":6,"column":0},"end":{"line":6,"column":61}},"6":{"start":{"line":7,"column":0},"end":{"line":7,"column":65}},"7":{"start":{"line":8,"column":0},"end":{"line":8,"column":44}},"8":{"start":{"line":9,"column":0},"end":{"line":9,"column":48}},"9":{"start":{"line":10,"column":0},"end":{"line":10,"column":50}},"10":{"start":{"line":11,"column":0},"end":{"line":11,"column":46}},"11":{"start":{"line":12,"column":0},"end":{"line":12,"column":58}},"12":{"start":{"line":13,"column":0},"end":{"line":13,"column":70}},"14":{"start":{"line":15,"column":0},"end":{"line":15,"column":57}},"15":{"start":{"line":16,"column":0},"end":{"line":16,"column":54}},"16":{"start":{"line":17,"column":0},"end":{"line":17,"column":50}},"22":{"start":{"line":23,"column":0},"end":{"line":23,"column":80}},"23":{"start":{"line":24,"column":0},"end":{"line":24,"column":68}},"24":{"start":{"line":25,"column":0},"end":{"line":25,"column":70}},"25":{"start":{"line":26,"column":0},"end":{"line":26,"column":78}},"26":{"start":{"line":27,"column":0},"end":{"line":27,"column":8}},"27":{"start":{"line":28,"column":0},"end":{"line":28,"column":4}},"29":{"start":{"line":30,"column":0},"end":{"line":30,"column":43}},"31":{"start":{"line":32,"column":0},"end":{"line":32,"column":9}},"32":{"start":{"line":33,"column":0},"end":{"line":33,"column":13}},"33":{"start":{"line":34,"column":0},"end":{"line":34,"column":21}},"34":{"start":{"line":35,"column":0},"end":{"line":35,"column":12}},"35":{"start":{"line":36,"column":0},"end":{"line":36,"column":10}},"36":{"start":{"line":37,"column":0},"end":{"line":37,"column":12}},"37":{"start":{"line":38,"column":0},"end":{"line":38,"column":16}},"38":{"start":{"line":39,"column":0},"end":{"line":39,"column":15}},"39":{"start":{"line":40,"column":0},"end":{"line":40,"column":19}},"40":{"start":{"line":41,"column":0},"end":{"line":41,"column":19}},"41":{"start":{"line":42,"column":0},"end":{"line":42,"column":18}},"42":{"start":{"line":43,"column":0},"end":{"line":43,"column":18}},"43":{"start":{"line":44,"column":0},"end":{"line":44,"column":18}},"44":{"start":{"line":45,"column":0},"end":{"line":45,"column":32}},"46":{"start":{"line":47,"column":0},"end":{"line":47,"column":59}},"47":{"start":{"line":48,"column":0},"end":{"line":48,"column":37}},"48":{"start":{"line":49,"column":0},"end":{"line":49,"column":4}},"50":{"start":{"line":51,"column":0},"end":{"line":51,"column":53}},"51":{"start":{"line":52,"column":0},"end":{"line":52,"column":32}},"52":{"start":{"line":53,"column":0},"end":{"line":53,"column":32}},"53":{"start":{"line":54,"column":0},"end":{"line":54,"column":4}},"55":{"start":{"line":56,"column":0},"end":{"line":56,"column":37}},"56":{"start":{"line":57,"column":0},"end":{"line":57,"column":15}},"57":{"start":{"line":58,"column":0},"end":{"line":58,"column":38}},"58":{"start":{"line":59,"column":0},"end":{"line":59,"column":8}},"59":{"start":{"line":60,"column":0},"end":{"line":60,"column":41}},"60":{"start":{"line":61,"column":0},"end":{"line":61,"column":4}},"63":{"start":{"line":64,"column":0},"end":{"line":64,"column":54}},"64":{"start":{"line":65,"column":0},"end":{"line":65,"column":24}},"65":{"start":{"line":66,"column":0},"end":{"line":66,"column":22}},"66":{"start":{"line":67,"column":0},"end":{"line":67,"column":40}},"67":{"start":{"line":68,"column":0},"end":{"line":68,"column":24}},"68":{"start":{"line":69,"column":0},"end":{"line":69,"column":36}},"69":{"start":{"line":70,"column":0},"end":{"line":70,"column":22}},"70":{"start":{"line":71,"column":0},"end":{"line":71,"column":40}},"71":{"start":{"line":72,"column":0},"end":{"line":72,"column":23}},"72":{"start":{"line":73,"column":0},"end":{"line":73,"column":41}},"73":{"start":{"line":74,"column":0},"end":{"line":74,"column":23}},"74":{"start":{"line":75,"column":0},"end":{"line":75,"column":41}},"75":{"start":{"line":76,"column":0},"end":{"line":76,"column":14}},"76":{"start":{"line":77,"column":0},"end":{"line":77,"column":25}},"77":{"start":{"line":78,"column":0},"end":{"line":78,"column":5}},"78":{"start":{"line":79,"column":0},"end":{"line":79,"column":4}},"80":{"start":{"line":81,"column":0},"end":{"line":81,"column":16}},"81":{"start":{"line":82,"column":0},"end":{"line":82,"column":12}},"82":{"start":{"line":83,"column":0},"end":{"line":83,"column":10}},"83":{"start":{"line":84,"column":0},"end":{"line":84,"column":16}},"84":{"start":{"line":85,"column":0},"end":{"line":85,"column":26}},"85":{"start":{"line":86,"column":0},"end":{"line":86,"column":37}},"86":{"start":{"line":87,"column":0},"end":{"line":87,"column":29}},"87":{"start":{"line":88,"column":0},"end":{"line":88,"column":10}},"89":{"start":{"line":90,"column":0},"end":{"line":90,"column":62}},"90":{"start":{"line":91,"column":0},"end":{"line":91,"column":68}},"91":{"start":{"line":92,"column":0},"end":{"line":92,"column":14}},"92":{"start":{"line":93,"column":0},"end":{"line":93,"column":12}},"94":{"start":{"line":95,"column":0},"end":{"line":95,"column":3}},"96":{"start":{"line":97,"column":0},"end":{"line":97,"column":14}},"97":{"start":{"line":98,"column":0},"end":{"line":98,"column":12}},"98":{"start":{"line":99,"column":0},"end":{"line":99,"column":10}},"99":{"start":{"line":100,"column":0},"end":{"line":100,"column":16}},"100":{"start":{"line":101,"column":0},"end":{"line":101,"column":26}},"101":{"start":{"line":102,"column":0},"end":{"line":102,"column":37}},"102":{"start":{"line":103,"column":0},"end":{"line":103,"column":29}},"103":{"start":{"line":104,"column":0},"end":{"line":104,"column":10}},"105":{"start":{"line":106,"column":0},"end":{"line":106,"column":62}},"106":{"start":{"line":107,"column":0},"end":{"line":107,"column":58}},"107":{"start":{"line":108,"column":0},"end":{"line":108,"column":40}},"108":{"start":{"line":109,"column":0},"end":{"line":109,"column":25}},"109":{"start":{"line":110,"column":0},"end":{"line":110,"column":14}},"110":{"start":{"line":111,"column":0},"end":{"line":111,"column":12}},"112":{"start":{"line":113,"column":0},"end":{"line":113,"column":3}},"114":{"start":{"line":115,"column":0},"end":{"line":115,"column":10}},"115":{"start":{"line":116,"column":0},"end":{"line":116,"column":8}},"116":{"start":{"line":117,"column":0},"end":{"line":117,"column":35}},"117":{"start":{"line":118,"column":0},"end":{"line":118,"column":14}},"118":{"start":{"line":119,"column":0},"end":{"line":119,"column":35}},"119":{"start":{"line":120,"column":0},"end":{"line":120,"column":27}},"120":{"start":{"line":121,"column":0},"end":{"line":121,"column":24}},"121":{"start":{"line":122,"column":0},"end":{"line":122,"column":8}},"123":{"start":{"line":124,"column":0},"end":{"line":124,"column":60}},"125":{"start":{"line":126,"column":0},"end":{"line":126,"column":12}},"126":{"start":{"line":127,"column":0},"end":{"line":127,"column":18}},"127":{"start":{"line":128,"column":0},"end":{"line":128,"column":28}},"128":{"start":{"line":129,"column":0},"end":{"line":129,"column":44}},"129":{"start":{"line":130,"column":0},"end":{"line":130,"column":33}},"130":{"start":{"line":131,"column":0},"end":{"line":131,"column":33}},"131":{"start":{"line":132,"column":0},"end":{"line":132,"column":12}},"133":{"start":{"line":134,"column":0},"end":{"line":134,"column":78}},"134":{"start":{"line":135,"column":0},"end":{"line":135,"column":18}},"135":{"start":{"line":136,"column":0},"end":{"line":136,"column":24}},"136":{"start":{"line":137,"column":0},"end":{"line":137,"column":22}},"137":{"start":{"line":138,"column":0},"end":{"line":138,"column":26}},"138":{"start":{"line":139,"column":0},"end":{"line":139,"column":33}},"139":{"start":{"line":140,"column":0},"end":{"line":140,"column":34}},"140":{"start":{"line":141,"column":0},"end":{"line":141,"column":33}},"141":{"start":{"line":142,"column":0},"end":{"line":142,"column":16}},"143":{"start":{"line":144,"column":0},"end":{"line":144,"column":36}},"144":{"start":{"line":145,"column":0},"end":{"line":145,"column":20}},"145":{"start":{"line":146,"column":0},"end":{"line":146,"column":32}},"146":{"start":{"line":147,"column":0},"end":{"line":147,"column":16}},"147":{"start":{"line":148,"column":0},"end":{"line":148,"column":17}},"148":{"start":{"line":149,"column":0},"end":{"line":149,"column":54}},"149":{"start":{"line":150,"column":0},"end":{"line":150,"column":31}},"151":{"start":{"line":152,"column":0},"end":{"line":152,"column":42}},"152":{"start":{"line":153,"column":0},"end":{"line":153,"column":19}},"153":{"start":{"line":154,"column":0},"end":{"line":154,"column":14}},"156":{"start":{"line":157,"column":0},"end":{"line":157,"column":44}},"159":{"start":{"line":160,"column":0},"end":{"line":160,"column":23}},"160":{"start":{"line":161,"column":0},"end":{"line":161,"column":27}},"161":{"start":{"line":162,"column":0},"end":{"line":162,"column":35}},"162":{"start":{"line":163,"column":0},"end":{"line":163,"column":38}},"163":{"start":{"line":164,"column":0},"end":{"line":164,"column":39}},"164":{"start":{"line":165,"column":0},"end":{"line":165,"column":10}},"167":{"start":{"line":168,"column":0},"end":{"line":168,"column":32}},"168":{"start":{"line":169,"column":0},"end":{"line":169,"column":14}},"169":{"start":{"line":170,"column":0},"end":{"line":170,"column":20}},"170":{"start":{"line":171,"column":0},"end":{"line":171,"column":39}},"171":{"start":{"line":172,"column":0},"end":{"line":172,"column":34}},"172":{"start":{"line":173,"column":0},"end":{"line":173,"column":56}},"173":{"start":{"line":174,"column":0},"end":{"line":174,"column":33}},"174":{"start":{"line":175,"column":0},"end":{"line":175,"column":14}},"176":{"start":{"line":177,"column":0},"end":{"line":177,"column":47}},"177":{"start":{"line":178,"column":0},"end":{"line":178,"column":75}},"178":{"start":{"line":179,"column":0},"end":{"line":179,"column":23}},"179":{"start":{"line":180,"column":0},"end":{"line":180,"column":21}},"180":{"start":{"line":181,"column":0},"end":{"line":181,"column":28}},"181":{"start":{"line":182,"column":0},"end":{"line":182,"column":49}},"182":{"start":{"line":183,"column":0},"end":{"line":183,"column":56}},"183":{"start":{"line":184,"column":0},"end":{"line":184,"column":22}},"185":{"start":{"line":186,"column":0},"end":{"line":186,"column":23}},"186":{"start":{"line":187,"column":0},"end":{"line":187,"column":30}},"187":{"start":{"line":188,"column":0},"end":{"line":188,"column":40}},"188":{"start":{"line":189,"column":0},"end":{"line":189,"column":42}},"189":{"start":{"line":190,"column":0},"end":{"line":190,"column":42}},"190":{"start":{"line":191,"column":0},"end":{"line":191,"column":41}},"191":{"start":{"line":192,"column":0},"end":{"line":192,"column":24}},"193":{"start":{"line":194,"column":0},"end":{"line":194,"column":43}},"194":{"start":{"line":195,"column":0},"end":{"line":195,"column":25}},"195":{"start":{"line":196,"column":0},"end":{"line":196,"column":23}},"196":{"start":{"line":197,"column":0},"end":{"line":197,"column":30}},"197":{"start":{"line":198,"column":0},"end":{"line":198,"column":40}},"198":{"start":{"line":199,"column":0},"end":{"line":199,"column":42}},"199":{"start":{"line":200,"column":0},"end":{"line":200,"column":42}},"200":{"start":{"line":201,"column":0},"end":{"line":201,"column":41}},"201":{"start":{"line":202,"column":0},"end":{"line":202,"column":24}},"203":{"start":{"line":204,"column":0},"end":{"line":204,"column":44}},"204":{"start":{"line":205,"column":0},"end":{"line":205,"column":25}},"205":{"start":{"line":206,"column":0},"end":{"line":206,"column":23}},"206":{"start":{"line":207,"column":0},"end":{"line":207,"column":30}},"207":{"start":{"line":208,"column":0},"end":{"line":208,"column":40}},"208":{"start":{"line":209,"column":0},"end":{"line":209,"column":42}},"209":{"start":{"line":210,"column":0},"end":{"line":210,"column":42}},"210":{"start":{"line":211,"column":0},"end":{"line":211,"column":41}},"211":{"start":{"line":212,"column":0},"end":{"line":212,"column":24}},"213":{"start":{"line":214,"column":0},"end":{"line":214,"column":40}},"214":{"start":{"line":215,"column":0},"end":{"line":215,"column":25}},"215":{"start":{"line":216,"column":0},"end":{"line":216,"column":23}},"216":{"start":{"line":217,"column":0},"end":{"line":217,"column":30}},"217":{"start":{"line":218,"column":0},"end":{"line":218,"column":40}},"218":{"start":{"line":219,"column":0},"end":{"line":219,"column":42}},"219":{"start":{"line":220,"column":0},"end":{"line":220,"column":42}},"220":{"start":{"line":221,"column":0},"end":{"line":221,"column":41}},"221":{"start":{"line":222,"column":0},"end":{"line":222,"column":24}},"223":{"start":{"line":224,"column":0},"end":{"line":224,"column":41}},"224":{"start":{"line":225,"column":0},"end":{"line":225,"column":25}},"225":{"start":{"line":226,"column":0},"end":{"line":226,"column":23}},"226":{"start":{"line":227,"column":0},"end":{"line":227,"column":30}},"227":{"start":{"line":228,"column":0},"end":{"line":228,"column":40}},"228":{"start":{"line":229,"column":0},"end":{"line":229,"column":42}},"229":{"start":{"line":230,"column":0},"end":{"line":230,"column":42}},"230":{"start":{"line":231,"column":0},"end":{"line":231,"column":41}},"231":{"start":{"line":232,"column":0},"end":{"line":232,"column":24}},"233":{"start":{"line":234,"column":0},"end":{"line":234,"column":41}},"234":{"start":{"line":235,"column":0},"end":{"line":235,"column":25}},"235":{"start":{"line":236,"column":0},"end":{"line":236,"column":23}},"236":{"start":{"line":237,"column":0},"end":{"line":237,"column":30}},"237":{"start":{"line":238,"column":0},"end":{"line":238,"column":40}},"238":{"start":{"line":239,"column":0},"end":{"line":239,"column":42}},"239":{"start":{"line":240,"column":0},"end":{"line":240,"column":42}},"240":{"start":{"line":241,"column":0},"end":{"line":241,"column":41}},"241":{"start":{"line":242,"column":0},"end":{"line":242,"column":24}},"243":{"start":{"line":244,"column":0},"end":{"line":244,"column":44}},"244":{"start":{"line":245,"column":0},"end":{"line":245,"column":25}},"245":{"start":{"line":246,"column":0},"end":{"line":246,"column":23}},"246":{"start":{"line":247,"column":0},"end":{"line":247,"column":30}},"247":{"start":{"line":248,"column":0},"end":{"line":248,"column":40}},"248":{"start":{"line":249,"column":0},"end":{"line":249,"column":42}},"249":{"start":{"line":250,"column":0},"end":{"line":250,"column":42}},"250":{"start":{"line":251,"column":0},"end":{"line":251,"column":41}},"251":{"start":{"line":252,"column":0},"end":{"line":252,"column":24}},"253":{"start":{"line":254,"column":0},"end":{"line":254,"column":42}},"254":{"start":{"line":255,"column":0},"end":{"line":255,"column":25}},"255":{"start":{"line":256,"column":0},"end":{"line":256,"column":23}},"256":{"start":{"line":257,"column":0},"end":{"line":257,"column":24}},"257":{"start":{"line":258,"column":0},"end":{"line":258,"column":23}},"258":{"start":{"line":259,"column":0},"end":{"line":259,"column":61}},"259":{"start":{"line":260,"column":0},"end":{"line":260,"column":23}},"260":{"start":{"line":261,"column":0},"end":{"line":261,"column":38}},"261":{"start":{"line":262,"column":0},"end":{"line":262,"column":30}},"262":{"start":{"line":263,"column":0},"end":{"line":263,"column":58}},"263":{"start":{"line":264,"column":0},"end":{"line":264,"column":60}},"264":{"start":{"line":265,"column":0},"end":{"line":265,"column":42}},"265":{"start":{"line":266,"column":0},"end":{"line":266,"column":24}},"266":{"start":{"line":267,"column":0},"end":{"line":267,"column":44}},"267":{"start":{"line":268,"column":0},"end":{"line":268,"column":74}},"268":{"start":{"line":269,"column":0},"end":{"line":269,"column":24}},"269":{"start":{"line":270,"co
[...]
"34":2,"35":2,"36":2,"37":2,"38":2,"39":4,"41":1,"42":0,"44":0,"45":0,"46":0,"47":0,"48":0,"49":0,"50":0,"51":0,"52":0,"53":0,"54":0,"55":0,"56":0,"58":1,"59":1,"60":1,"61":1,"63":1,"64":1,"65":1,"66":1,"67":1,"68":1,"69":1,"70":1,"71":1,"72":1,"73":1,"74":1,"75":1,"76":1,"77":1,"79":1,"80":0,"81":0,"83":1,"84":1,"85":1,"86":1,"87":0,"88":0,"89":0,"90":1,"92":1,"93":1,"94":1,"95":1,"96":1,"98":1,"99":1,"101":1,"102":1,"103":1,"104":1,"105":1,"106":1,"107":1,"108":1,"109":1,"110":1,"112":1,"113":1,"114":1,"115":1,"116":1,"117":1,"118":1,"120":1,"121":0,"122":0,"124":1,"125":1,"126":1,"127":1,"128":0,"129":0,"130":0,"131":1,"133":1,"134":0,"135":0,"136":0,"137":0,"138":0,"139":0,"141":1,"142":2,"143":2,"144":2,"146":1,"147":5,"148":5,"149":5,"150":5,"151":5,"152":5,"153":5,"154":5,"155":5,"156":5,"157":5,"158":5,"159":5,"161":1,"162":15,"164":15,"165":15,"166":15,"167":15,"168":0,"169":0,"170":0,"171":15,"173":1,"174":5,"176":5,"178":5,"179":5,"180":5,"181":5,"182":5,"183":5,"184":5,"185":5,"186":5,"187":5,"189":5,"190":5,"191":5,"192":5,"193":5,"194":5,"196":5,"197":5,"199":1,"200":5,"202":5,"204":5,"205":5,"206":5,"207":5,"208":5,"209":5,"210":5,"211":5,"212":5,"213":5,"215":5,"216":5,"218":1,"219":1,"220":1,"221":1,"222":1,"223":1,"224":1,"225":1,"227":1,"228":1,"230":1,"231":1,"232":1,"233":1,"234":1,"235":1,"237":1,"238":1,"239":1},"branchMap":{"0":{"type":"branch","line":21,"loc":{"start":{"line":21,"column":7},"end":{"line":23,"column":57}},"locations":[{"start":{"line":21,"column":7},"end":{"line":23,"column":57}}]},"1":{"type":"branch","line":25,"loc":{"start":{"line":25,"column":2},"end":{"line":40,"column":3}},"locations":[{"start":{"line":25,"column":2},"end":{"line":40,"column":3}}]},"2":{"type":"branch","line":29,"loc":{"start":{"line":29,"column":67},"end":{"line":30,"column":24}},"locations":[{"start":{"line":29,"column":67},"end":{"line":30,"column":24}}]},"3":{"type":"branch","line":30,"loc":{"start":{"line":30,"column":24},"end":{"line":32,"column":7}},"locations":[{"start":{"line":30,"column":24},"end":{"line":32,"column":7}}]},"4":{"type":"branch","line":32,"loc":{"start":{"line":32,"column":6},"end":{"line":39,"column":5}},"locations":[{"start":{"line":32,"column":6},"end":{"line":39,"column":5}}]},"5":{"type":"branch","line":59,"loc":{"start":{"line":59,"column":2},"end":{"line":91,"column":3}},"locations":[{"start":{"line":59,"column":2},"end":{"line":91,"column":3}}]},"6":{"type":"branch","line":80,"loc":{"start":{"line":80,"column":24},"end":{"line":82,"column":7}},"locations":[{"start":{"line":80,"column":24},"end":{"line":82,"column":7}}]},"7":{"type":"branch","line":87,"loc":{"start":{"line":87,"column":4},"end":{"line":90,"column":5}},"locations":[{"start":{"line":87,"column":4},"end":{"line":90,"column":5}}]},"8":{"type":"branch","line":93,"loc":{"start":{"line":93,"column":2},"end":{"line":132,"column":3}},"locations":[{"start":{"line":93,"column":2},"end":{"line":132,"column":3}}]},"9":{"type":"branch","line":105,"loc":{"start":{"line":105,"column":8},"end":{"line":105,"column":77}},"locations":[{"start":{"line":105,"column":8},"end":{"line":105,"column":77}}]},"10":{"type":"branch","line":107,"loc":{"start":{"line":107,"column":8},"end":{"line":107,"column":49}},"locations":[{"start":{"line":107,"column":8},"end":{"line":107,"column":49}}]},"11":{"type":"branch","line":108,"loc":{"start":{"line":108,"column":41},"end":{"line":108,"column":78}},"locations":[{"start":{"line":108,"column":41},"end":{"line":108,"column":78}}]},"12":{"type":"branch","line":110,"loc":{"start":{"line":110,"column":8},"end":{"line":110,"column":64}},"locations":[{"start":{"line":110,"column":8},"end":{"line":110,"column":64}}]},"13":{"type":"branch","line":121,"loc":{"start":{"line":121,"column":24},"end":{"line":123,"column":7}},"locations":[{"start":{"line":121,"column":24},"end":{"line":123,"column":7}}]},"14":{"type":"branch","line":128,"loc":{"start":{"line":128,"column":4},"end":{"line":131,"column":5}},"locations":[{"start":{"line":128,"column":4},"end":{"line":131,"column":5}}]},"15":{"type":"branch","line":142,"loc":{"start":{"line":142,"column":10},"end":{"line":145,"column":3}},"locations":[{"start":{"line":142,"column":10},"end":{"line":145,"column":3}}]},"16":{"type":"branch","line":144,"loc":{"start":{"line":144,"column":20},"end":{"line":144,"column":63}},"locations":[{"start":{"line":144,"column":20},"end":{"line":144,"column":63}}]},"17":{"type":"branch","line":147,"loc":{"start":{"line":147,"column":10},"end":{"line":160,"column":3}},"locations":[{"start":{"line":147,"column":10},"end":{"line":160,"column":3}}]},"18":{"type":"branch","line":149,"loc":{"start":{"line":149,"column":15},"end":{"line":149,"column":46}},"locations":[{"start":{"line":149,"column":15},"end":{"line":149,"column":46}}]},"19":{"type":"branch","line":150,"loc":{"start":{"line":150,"column":25},"end":{"line":150,"column":54}},"locations":[{"start":{"line":150,"column":25},"end":{"line":150,"column":54}}]},"20":{"type":"branch","line":150,"loc":{"start":{"line":150,"column":38},"end":{"line":150,"column":73}},"locations":[{"start":{"line":150,"column":38},"end":{"line":150,"column":73}}]},"21":{"type":"branch","line":151,"loc":{"start":{"line":151,"column":40},"end":{"line":151,"column":71}},"locations":[{"start":{"line":151,"column":40},"end":{"line":151,"column":71}}]},"22":{"type":"branch","line":152,"loc":{"start":{"line":152,"column":38},"end":{"line":152,"column":65}},"locations":[{"start":{"line":152,"column":38},"end":{"line":152,"column":65}}]},"23":{"type":"branch","line":153,"loc":{"start":{"line":153,"column":36},"end":{"line":153,"column":59}},"locations":[{"start":{"line":153,"column":36},"end":{"line":153,"column":59}}]},"24":{"type":"branch","line":155,"loc":{"start":{"line":155,"column":19},"end":{"line":155,"column":32}},"locations":[{"start":{"line":155,"column":19},"end":{"line":155,"column":32}}]},"25":{"type":"branch","line":157,"loc":{"start":{"line":157,"column":13},"end":{"line":157,"column":49}},"locations":[{"start":{"line":157,"column":13},"end":{"line":157,"column":49}}]},"26":{"type":"branch","line":157,"loc":{"start":{"line":157,"column":31},"end":{"line":157,"column":67}},"locations":[{"start":{"line":157,"column":31},"end":{"line":157,"column":67}}]},"27":{"type":"branch","line":162,"loc":{"start":{"line":162,"column":10},"end":{"line":172,"column":3}},"locations":[{"start":{"line":162,"column":10},"end":{"line":172,"column":3}}]},"28":{"type":"branch","line":163,"loc":{"start":{"line":163,"column":21},"end":{"line":163,"column":67}},"locations":[{"start":{"line":163,"column":21},"end":{"line":163,"column":67}}]},"29":{"type":"branch","line":168,"loc":{"start":{"line":168,"column":4},"end":{"line":171,"column":5}},"locations":[{"start":{"line":168,"column":4},"end":{"line":171,"column":5}}]},"30":{"type":"branch","line":174,"loc":{"start":{"line":174,"column":10},"end":{"line":198,"column":3}},"locations":[{"start":{"line":174,"column":10},"end":{"line":198,"column":3}}]},"31":{"type":"branch","line":175,"loc":{"start":{"line":175,"column":15},"end":{"line":175,"column":41}},"locations":[{"start":{"line":175,"column":15},"end":{"line":175,"column":41}}]},"32":{"type":"branch","line":197,"loc":{"start":{"line":197,"column":23},"end":{"line":197,"column":47}},"locations":[{"start":{"line":197,"column":23},"end":{"line":197,"column":47}}]},"33":{"type":"branch","line":200,"loc":{"start":{"line":200,"column":10},"end":{"line":217,"column":3}},"locations":[{"start":{"line":200,"column":10},"end":{"line":217,"column":3}}]},"34":{"type":"branch","line":201,"loc":{"start":{"line":201,"column":17},"end":{"line":201,"column":44}},"locations":[{"start":{"line":201,"column":17},"end":{"line":201,"column":44}}]},"35":{"type":"branch","line":216,"loc":{"start":{"line":216,"column":27},"end":{"line":216,"column":52}},"locations":[{"start":{"line":216,"column":27},"end":{"line":216,"column":52}}]},"36":{"type":"branch","line":219,"loc":{"start":{"line":219,"column":10},"end":{"line":229,"column":3}},"locations":[{"start":{"line":219,"column":10},"end":{"line":229,"column":3}}]},"37":{"type":"branch","line":228,"loc":{"start":{"line":228,"column":28},"end":{"line":228,"column":44}},"locations":[{"start":{"line":228,"column":28},"end":{"line":228,"column":44}}]},"38":{"type":"branch","line":231,"loc":{"start":{"line":231,"column":10},"end":{"line":239,"column":3}},"locations":[{"start":{"line":231,"column":10},"end":{"line":239,"column":3}}]},"39":{"type":"branch","line":238,"loc":{"start":{"line":238,"column":27},"end":{"line":238,"column":42}},"locations":[{"start":{"line":238,"column":27},"end":{"line":238,"column":42}}]}},"b":{"0":[6],"1":[4],"2":[3],"3":[1],"4":[2],"5":[1],"6":[0],"7":[0],"8":[1],"9":[0],"10":[0],"11":[0],"12":[0],"13":[0],"14":[0],"15":[2],"16":[3],"17":[5],"18":[0],"19":[0],"20":[0],"21":[0],"22":[0],"23":[0],"24":[0],"25":[0],"26":[0],"27":[15],"28":[0],"29":[0],"30":[5],"31":[0],"32":[0],"33":[5],"34":[0],"35":[0],"36":[1],"37":[0],"38":[1],"39":[0]},"fnMap":{"0":{"name":"LeaveRequestService","decl":{"start":{"line":21,"column":7},"end":{"line":23,"column":57}},"loc":{"start":{"line":21,"column":7},"end":{"line":23,"column":57}},"line":21},"1":{"name":"getLeaveRequests","decl":{"start":{"line":25,"column":2},"end":{"line":40,"column":3}},"loc":{"start":{"line":25,"column":2},"end":{"line":40,"column":3}},"line":25},"2":{"name":"getLeaveRequestById","decl":{"start":{"line":42,"column":2},"end":{"line":57,"column":3}},"loc":{"start":{"line":42,"column":2},"end":{"line":57,"column":3}},"line":42},"3":{"name":"createLeaveRequest","decl":{"start":{"line":59,"column":2},"end":{"line":91,"column":3}},"loc":{"start":{"line":59,"column":2},"end":{"line":91,"column":3}},"line":59},"4":{"name":"updateLeaveRequest","decl":{"start":{"line":93,"column":2},"end":{"line":132,"column":3}},"loc":{"start":{"line":93,"column":2},"end":{"line":132,"column":3}},"line":93},"5":{"name":"updateLeaveRequestStatus","decl":{"start":{"line":134,"column":2},"end":{"line":140,"column":3}},"loc":{"start":{"line":134,"column":2},"end":{"line":140,"column":3}},"line":134},"6":{"name":"transformApiData","decl":{"start":{"line":142,"column":10},"end":{"line":145,"column":3}},"loc":{"start":{"line":142,"column":10},"end":{"line":145,"column":3}},"line":142},"7":{"name":"transformSingleApiData","decl":{"start":{"line":147,"column":10},"end":{"line":160,"column":3}},"loc":{"start":{"line":147,"column":10},"end":{"line":160,"column":3}},"line":147},"8":{"name":"formatDate","decl":{"start":{"line":162,"column":10},"end":{"line":172,"column":3}},"loc":{"start":{"line":162,"column":10},"end":{"line":172,"column":3}},"line":162},"9":{"name":"mapLeaveType","decl":{"start":{"line":174,"column":10},"end":{"line":198,"column":3}},"loc":{"start":{"line":174,"column":10},"end":{"line":198,"column":3}},"line":174},"10":{"name":"mapStatus","decl":{"start":{"line":200,"column":10},"end":{"line":217,"column":3}},"loc":{"start":{"line":200,"column":10},"end":{"line":217,"column":3}},"line":200},"11":{"name":"mapToApiLeaveType","decl":{"start":{"line":219,"column":10},"end":{"line":229,"column":3}},"loc":{"start":{"line":219,"column":10},"end":{"line":229,"column":3}},"line":219},"12":{"name":"mapToApiStatus","decl":{"start":{"line":231,"column":10},"end":{"line":239,"column":3}},"loc":{"start":{"line":231,"column":10},"end":{"line":239,"column":3}},"line":231}},"f":{"0":6,"1":4,"2":0,"3":1,"4":1,"5":0,"6":2,"7":5,"8":15,"9":5,"10":5,"11":1,"12":1}}
,"/Users/javiergomez/Downloads/leave-request-dashboard/types/leave-request.ts": {"path":"/Users/javiergomez/Downloads/leave-request-dashboard/types/leave-request.ts","all":false,"statementMap":{"11":{"start":{"line":12,"column":0},"end":{"line":12,"column":25}},"12":{"start":{"line":13,"column":0},"end":{"line":13,"column":22}},"13":{"start":{"line":14,"column":0},"end":{"line":14,"column":24}},"14":{"start":{"line":15,"column":0},"end":{"line":15,"column":24}},"17":{"start":{"line":18,"column":0},"end":{"line":18,"column":23}},"18":{"start":{"line":19,"column":0},"end":{"line":19,"column":24}},"19":{"start":{"line":20,"column":0},"end":{"line":20,"column":22}},"20":{"start":{"line":21,"column":0},"end":{"line":21,"column":24}},"21":{"start":{"line":22,"column":0},"end":{"line":22,"column":26}},"22":{"start":{"line":23,"column":0},"end":{"line":23,"column":26}}},"s":{"11":1,"12":1,"13":1,"14":1,"17":1,"18":1,"19":1,"20":1,"21":1,"22":1},"branchMap":{"0":{"type":"branch","line":12,"loc":{"start":{"line":12,"column":7},"end":{"line":12,"column":25}},"locations":[{"start":{"line":12,"column":7},"end":{"line":12,"column":25}}]},"1":{"type":"branch","line":18,"loc":{"start":{"line":18,"column":7},"end":{"line":18,"column":23}},"locations":[{"start":{"line":18,"column":7},"end":{"line":18,"column":23}}]}},"b":{"0":[7],"1":[7]},"fnMap":{},"f":{}}
,"/Users/javiergomez/Downloads/leave-request-dashboard/utils/leave-request.utils.ts": {"path":"/Users/javiergomez/Downloads/leave-request-dashboard/utils/leave-request.utils.ts","all":false,"statementMap":{"0":{"start":{"line":1,"column":0},"end":{"line":1,"column":8}},"7":{"start":{"line":8,"column":0},"end":{"line":8,"column":32}},"8":{"start":{"line":9,"column":0},"end":{"line":9,"column":24}},"9":{"start":{"line":10,"column":0},"end":{"line":10,"column":29}},"10":{"start":{"line":11,"column":0},"end":{"line":11,"column":26}},"11":{"start":{"line":12,"column":0},"end":{"line":12,"column":21}},"12":{"start":{"line":13,"column":0},"end":{"line":13,"column":41}},"13":{"start":{"line":14,"column":0},"end":{"line":14,"column":64}},"14":{"start":{"line":15,"column":0},"end":{"line":15,"column":21}},"15":{"start":{"line":16,"column":0},"end":{"line":16,"column":7}},"16":{"start":{"line":17,"column":0},"end":{"line":17,"column":18}},"17":{"start":{"line":18,"column":0},"end":{"line":18,"column":7}},"18":{"start":{"line":19,"column":0},"end":{"line":19,"column":3}},"20":{"start":{"line":21,"column":0},"end":{"line":21,"column":22}},"21":{"start":{"line":22,"column":0},"end":{"line":22,"column":29}},"22":{"start":{"line":23,"column":0},"end":{"line":23,"column":28}},"23":{"start":{"line":24,"column":0},"end":{"line":24,"column":21}},"24":{"start":{"line":25,"column":0},"end":{"line":25,"column":41}},"25":{"start":{"line":26,"column":0},"end":{"line":26,"column":62}},"26":{"start":{"line":27,"column":0},"end":{"line":27,"column":62}},"28":{"start":{"line":29,"column":0},"end":{"line":29,"column":44}},"29":{"start":{"line":30,"column":0},"end":{"line":30,"column":31}},"30":{"start":{"line":31,"column":0},"end":{"line":31,"column":14}},"31":{"start":{"line":32,"column":0},"end":{"line":32,"column":31}},"32":{"start":{"line":33,"column":0},"end":{"line":33,"column":7}},"33":{"start":{"line":34,"column":0},"end":{"line":34,"column":7}},"34":{"start":{"line":35,"column":0},"end":{"line":35,"column":3}},"36":{"start":{"line":37,"column":0},"end":{"line":37,"column":70}},"37":{"start":{"line":38,"column":0},"end":{"line":38,"column":59}},"38":{"start":{"line":39,"column":0},"end":{"line":39,"column":55}},"39":{"start":{"line":40,"column":0},"end":{"line":40,"column":31}},"40":{"start":{"line":41,"column":0},"end":{"line":41,"column":3}},"42":{"start":{"line":43,"column":0},"end":{"line":43,"column":56}},"43":{"start":{"line":44,"column":0},"end":{"line":44,"column":21}},"44":{"start":{"line":45,"column":0},"end":{"line":45,"column":32}},"45":{"start":{"line":46,"column":0},"end":{"line":46,"column":25}},"46":{"start":{"line":47,"column":0},"end":{"line":47,"column":32}},"47":{"start":{"line":48,"column":0},"end":{"line":48,"column":23}},"48":{"start":{"line":49,"column":0},"end":{"line":49,"column":31}},"49":{"start":{"line":50,"column":0},"end":{"line":50,"column":14}},"50":{"start":{"line":51,"column":0},"end":{"line":51,"column":25}},"51":{"start":{"line":52,"column":0},"end":{"line":52,"column":5}},"52":{"start":{"line":53,"column":0},"end":{"line":53,"column":3}},"53":{"start":{"line":54,"column":0},"end":{"line":54,"column":1}}},"s":{"0":1,"7":1,"8":1,"9":48,"10":48,"11":48,"12":48,"13":62,"14":10,"15":10,"16":52,"17":48,"18":48,"20":1,"21":47,"22":47,"23":47,"24":47,"25":31,"26":31,"28":31,"29":6,"30":31,"31":25,"32":25,"33":47,"34":47,"36":1,"37":18,"38":18,"39":18,"40":18,"42":1,"43":6,"44":6,"45":2,"46":6,"47":2,"48":6,"49":6,"50":2,"51":6,"52":6,"53":1},"branchMap":{"0":{"type":"branch","line":9,"loc":{"start":{"line":9,"column":9},"end":{"line":19,"column":3}},"locations":[{"start":{"line":9,"column":9},"end":{"line":19,"column":3}}]},"1":{"type":"branch","line":13,"loc":{"start":{"line":13,"column":27},"end":{"line":18,"column":5}},"locations":[{"start":{"line":13,"column":27},"end":{"line":18,"column":5}}]},"2":{"type":"branch","line":14,"loc":{"start":{"line":14,"column":18},"end":{"line":14,"column":63}},"locations":[{"start":{"line":14,"column":18},"end":{"line":14,"column":63}}]},"3":{"type":"branch","line":14,"loc":{"start":{"line":14,"column":63},"end":{"line":16,"column":7}},"locations":[{"start":{"line":14,"column":63},"end":{"line":16,"column":7}}]},"4":{"type":"branch","line":16,"loc":{"start":{"line":16,"column":6},"end":{"line":17,"column":18}},"locations":[{"start":{"line":16,"column":6},"end":{"line":17,"column":18}}]},"5":{"type":"branch","line":21,"loc":{"start":{"line":21,"column":9},"end":{"line":35,"column":3}},"locations":[{"start":{"line":21,"column":9},"end":{"line":35,"column":3}}]},"6":{"type":"branch","line":25,"loc":{"start":{"line":25,"column":30},"end":{"line":34,"column":5}},"locations":[{"start":{"line":25,"column":30},"end":{"line":34,"column":5}}]},"7":{"type":"branch","line":29,"loc":{"start":{"line":29,"column":43},"end":{"line":31,"column":13}},"locations":[{"start":{"line":29,"column":43},"end":{"line":31,"column":13}}]},"8":{"type":"branch","line":31,"loc":{"start":{"line":31,"column":6},"end":{"line":33,"column":7}},"locations":[{"start":{"line":31,"column":6},"end":{"line":33,"column":7}}]},"9":{"type":"branch","line":37,"loc":{"start":{"line":37,"column":9},"end":{"line":41,"column":3}},"locations":[{"start":{"line":37,"column":9},"end":{"line":41,"column":3}}]},"10":{"type":"branch","line":43,"loc":{"start":{"line":43,"column":9},"end":{"line":53,"column":3}},"locations":[{"start":{"line":43,"column":9},"end":{"line":53,"column":3}}]},"11":{"type":"branch","line":45,"loc":{"start":{"line":45,"column":6},"end":{"line":46,"column":25}},"locations":[{"start":{"line":45,"column":6},"end":{"line":46,"column":25}}]},"12":{"type":"branch","line":47,"loc":{"start":{"line":47,"column":6},"end":{"line":48,"column":23}},"locations":[{"start":{"line":47,"column":6},"end":{"line":48,"column":23}}]},"13":{"type":"branch","line":49,"loc":{"start":{"line":49,"column":6},"end":{"line":49,"column":31}},"locations":[{"start":{"line":49,"column":6},"end":{"line":49,"column":31}}]},"14":{"type":"branch","line":50,"loc":{"start":{"line":50,"column":6},"end":{"line":51,"column":25}},"locations":[{"start":{"line":50,"column":6},"end":{"line":51,"column":25}}]}},"b":{"0":[48],"1":[62],"2":[16],"3":[10],"4":[52],"5":[47],"6":[31],"7":[6],"8":[25],"9":[18],"10":[6],"11":[2],"12":[2],"13":[2],"14":[2]},"fnMap":{"0":{"name":"filterRequests","decl":{"start":{"line":9,"column":9},"end":{"line":19,"column":3}},"loc":{"start":{"line":9,"column":9},"end":{"line":19,"column":3}},"line":9},"1":{"name":"sortRequests","decl":{"start":{"line":21,"column":9},"end":{"line":35,"column":3}},"loc":{"start":{"line":21,"column":9},"end":{"line":35,"column":3}},"line":21},"2":{"name":"formatDateRange","decl":{"start":{"line":37,"column":9},"end":{"line":41,"column":3}},"loc":{"start":{"line":37,"column":9},"end":{"line":41,"column":3}},"line":37},"3":{"name":"getStatusVariant","decl":{"start":{"line":43,"column":9},"end":{"line":53,"column":3}},"loc":{"start":{"line":43,"column":9},"end":{"line":53,"column":3}},"line":43}},"f":{"0":48,"1":47,"2":18,"3":6}}
}
